[ 2019-04-10T00:24:17+08:00 ] 172.24.149.137 58.219.160.144 GET /phone/wallet
[ log ] im.blockhp.com/phone/wallet [运行时间：1.098178s][吞吐率：0.91req/s] [内存消耗：2,896.39kb] [文件加载：57]
[ info ] [ LANG ] /www/wwwroot/im.blockhp.com/thinkphp/lang/zh-cn.php
[ info ] [ ROUTE ] array (
  'type' => 'module',
  'module' => 
  array (
    0 => 'phone',
    1 => 'wallet',
    2 => NULL,
  ),
)
[ info ] [ HEADER ] array (
  'cookie' => 'phone_user_name=xixi; phone_user_id=59; phone_user_sign=%E6%9A%82%E6%97%A0; phone_user_avatar=%2Fpublic%2Fuploads%2F20190406%2Ffa961ba91ff96b617dcbc101ff36b2cb.jpg; PHPSESSID=a99up9n5sjga0pc3nfh8nfsj3t; user_id=59; is_distribut=1; uname=xixi',
  'accept-language' => 'zh-CN,zh;q=0.9',
  'accept-encoding' => 'gzip, deflate',
  'accept' => 'text/html,application/xhtml+xml,application/xml;q=0.9,image/webp,image/apng,*/*;q=0.8',
  'user-agent' => 'Mozilla/5.0 (iPhone; CPU iPhone OS 11_0 like Mac OS X) AppleWebKit/604.1.38 (KHTML, like Gecko) Version/11.0 Mobile/15A372 Safari/604.1',
  'upgrade-insecure-requests' => '1',
  'cache-control' => 'max-age=0',
  'connection' => 'keep-alive',
  'host' => 'im.blockhp.com',
  'content-type' => '',
  'content-length' => '',
)
[ info ] [ PARAM ] array (
)
[ info ] [ RUN ] app\phone\controller\Wallet->index[ /www/wwwroot/im.blockhp.com/application/phone/controller/Wallet.php ]
[ info ] [ DB ] INIT mysql
[ info ] [ DB ] INIT mysql
[ info ] [ DB ] INIT mysql
[ info ] [ DB ] INIT mysql
[ info ] [ VIEW ] /www/wwwroot/im.blockhp.com/application/phone/view/wallet/index.html [ array (
  0 => 'action',
  1 => 'socket_server',
  2 => 'userInfo',
) ]
[ info ] [ LOG ] INIT File
[ sql ] [ DB ] CONNECT:[ UseTime:0.000283s ] mysql:dbname=ichat_pro;host=localhost;port=3306;charset=utf8
[ sql ] [ SQL ] SHOW COLUMNS FROM `tp_chatuser` [ RunTime:0.000802s ]
[ sql ] [ SQL ] SELECT `eth_lst`,`bhp_lst`,`usdt_lst`,`eth_public_key`,`bhp_public_key`,`usdt_public_key` FROM `tp_chatuser` WHERE  `id` = 59 LIMIT 1 [ RunTime:0.000191s ]
[ sql ] [ DB ] CONNECT:[ UseTime:0.000166s ] mysql:dbname=ichat_pro;host=localhost;port=3306;charset=utf8
[ sql ] [ SQL ] SELECT `eth_public_key` FROM `tp_chatuser` WHERE  `id` = 59 LIMIT 1 [ RunTime:0.000152s ]
[ sql ] [ DB ] CONNECT:[ UseTime:0.000353s ] mysql:dbname=ichat_pro;host=localhost;port=3306;charset=utf8
[ sql ] [ SQL ] SELECT `bhp_public_key` FROM `tp_chatuser` WHERE  `id` = 59 LIMIT 1 [ RunTime:0.000251s ]
[ sql ] [ DB ] CONNECT:[ UseTime:0.000289s ] mysql:dbname=ichat_pro;host=localhost;port=3306;charset=utf8
[ sql ] [ SQL ] SELECT `usdt_public_key` FROM `tp_chatuser` WHERE  `id` = 59 LIMIT 1 [ RunTime:0.000245s ]
[ error ] [8]未定义变量: sys[/www/wwwroot/im.blockhp.com/runtime/temp/20d031a8d922fb4caaa019b3eadb1b03.php:6]
[ error ] [8]未定义变量: sys[/www/wwwroot/im.blockhp.com/runtime/temp/20d031a8d922fb4caaa019b3eadb1b03.php:7]
[ error ] [8]未定义变量: sys[/www/wwwroot/im.blockhp.com/runtime/temp/20d031a8d922fb4caaa019b3eadb1b03.php:8]

---------------------------------------------------------------
[ 2019-04-10T00:24:18+08:00 ] 172.24.149.137 58.219.160.144 GET /public/static/mobile/js/web3.js.map
[ log ] im.blockhp.com/public/static/mobile/js/web3.js.map [运行时间：0.019084s][吞吐率：52.40req/s] [内存消耗：1,797.18kb] [文件加载：40]
[ info ] [ LANG ] /www/wwwroot/im.blockhp.com/thinkphp/lang/zh-cn.php
[ info ] [ ROUTE ] array (
  'type' => 'module',
  'module' => 
  array (
    0 => 'public',
    1 => 'static',
    2 => 'mobile',
  ),
)
[ info ] [ HEADER ] array (
  'cookie' => 'phone_user_name=xixi; phone_user_id=59; phone_user_sign=%E6%9A%82%E6%97%A0; phone_user_avatar=%2Fpublic%2Fuploads%2F20190406%2Ffa961ba91ff96b617dcbc101ff36b2cb.jpg; PHPSESSID=a99up9n5sjga0pc3nfh8nfsj3t; user_id=59; is_distribut=1; uname=xixi',
  'accept-language' => 'zh-CN,zh;q=0.9',
  'accept-encoding' => 'gzip, deflate',
  'user-agent' => 'Mozilla/5.0 (iPhone; CPU iPhone OS 11_0 like Mac OS X) AppleWebKit/604.1.38 (KHTML, like Gecko) Version/11.0 Mobile/15A372 Safari/604.1',
  'connection' => 'keep-alive',
  'host' => 'im.blockhp.com',
  'content-type' => '',
  'content-length' => '',
)
[ info ] [ PARAM ] array (
  'js' => 'web3.js.map',
)
[ info ] [ LOG ] INIT File

---------------------------------------------------------------
[ 2019-04-10T00:24:21+08:00 ] 172.24.149.137 58.219.160.144 GET /phone/wallet
[ log ] im.blockhp.com/phone/wallet [运行时间：1.105207s][吞吐率：0.90req/s] [内存消耗：2,896.40kb] [文件加载：57]
[ info ] [ LANG ] /www/wwwroot/im.blockhp.com/thinkphp/lang/zh-cn.php
[ info ] [ ROUTE ] array (
  'type' => 'module',
  'module' => 
  array (
    0 => 'phone',
    1 => 'wallet',
    2 => NULL,
  ),
)
[ info ] [ HEADER ] array (
  'cookie' => 'phone_user_name=xixi; phone_user_id=59; phone_user_sign=%E6%9A%82%E6%97%A0; phone_user_avatar=%2Fpublic%2Fuploads%2F20190406%2Ffa961ba91ff96b617dcbc101ff36b2cb.jpg; PHPSESSID=a99up9n5sjga0pc3nfh8nfsj3t; user_id=59; is_distribut=1; uname=xixi',
  'accept-language' => 'zh-CN,zh;q=0.9',
  'accept-encoding' => 'gzip, deflate',
  'accept' => 'text/html,application/xhtml+xml,application/xml;q=0.9,image/webp,image/apng,*/*;q=0.8',
  'user-agent' => 'Mozilla/5.0 (iPhone; CPU iPhone OS 11_0 like Mac OS X) AppleWebKit/604.1.38 (KHTML, like Gecko) Version/11.0 Mobile/15A372 Safari/604.1',
  'upgrade-insecure-requests' => '1',
  'cache-control' => 'max-age=0',
  'connection' => 'keep-alive',
  'host' => 'im.blockhp.com',
  'content-type' => '',
  'content-length' => '',
)
[ info ] [ PARAM ] array (
)
[ info ] [ RUN ] app\phone\controller\Wallet->index[ /www/wwwroot/im.blockhp.com/application/phone/controller/Wallet.php ]
[ info ] [ DB ] INIT mysql
[ info ] [ DB ] INIT mysql
[ info ] [ DB ] INIT mysql
[ info ] [ DB ] INIT mysql
[ info ] [ VIEW ] /www/wwwroot/im.blockhp.com/application/phone/view/wallet/index.html [ array (
  0 => 'action',
  1 => 'socket_server',
  2 => 'userInfo',
) ]
[ info ] [ LOG ] INIT File
[ sql ] [ DB ] CONNECT:[ UseTime:0.000322s ] mysql:dbname=ichat_pro;host=localhost;port=3306;charset=utf8
[ sql ] [ SQL ] SHOW COLUMNS FROM `tp_chatuser` [ RunTime:0.000804s ]
[ sql ] [ SQL ] SELECT `eth_lst`,`bhp_lst`,`usdt_lst`,`eth_public_key`,`bhp_public_key`,`usdt_public_key` FROM `tp_chatuser` WHERE  `id` = 59 LIMIT 1 [ RunTime:0.000198s ]
[ sql ] [ DB ] CONNECT:[ UseTime:0.000168s ] mysql:dbname=ichat_pro;host=localhost;port=3306;charset=utf8
[ sql ] [ SQL ] SELECT `eth_public_key` FROM `tp_chatuser` WHERE  `id` = 59 LIMIT 1 [ RunTime:0.000145s ]
[ sql ] [ DB ] CONNECT:[ UseTime:0.000310s ] mysql:dbname=ichat_pro;host=localhost;port=3306;charset=utf8
[ sql ] [ SQL ] SELECT `bhp_public_key` FROM `tp_chatuser` WHERE  `id` = 59 LIMIT 1 [ RunTime:0.000268s ]
[ sql ] [ DB ] CONNECT:[ UseTime:0.000334s ] mysql:dbname=ichat_pro;host=localhost;port=3306;charset=utf8
[ sql ] [ SQL ] SELECT `usdt_public_key` FROM `tp_chatuser` WHERE  `id` = 59 LIMIT 1 [ RunTime:0.000296s ]
[ error ] [8]未定义变量: sys[/www/wwwroot/im.blockhp.com/runtime/temp/20d031a8d922fb4caaa019b3eadb1b03.php:6]
[ error ] [8]未定义变量: sys[/www/wwwroot/im.blockhp.com/runtime/temp/20d031a8d922fb4caaa019b3eadb1b03.php:7]
[ error ] [8]未定义变量: sys[/www/wwwroot/im.blockhp.com/runtime/temp/20d031a8d922fb4caaa019b3eadb1b03.php:8]

---------------------------------------------------------------
[ 2019-04-10T00:24:21+08:00 ] 172.24.149.137 58.219.160.144 GET /public/static/mobile/js/web3.js.map
[ log ] im.blockhp.com/public/static/mobile/js/web3.js.map [运行时间：0.020062s][吞吐率：49.85req/s] [内存消耗：1,797.18kb] [文件加载：40]
[ info ] [ LANG ] /www/wwwroot/im.blockhp.com/thinkphp/lang/zh-cn.php
[ info ] [ ROUTE ] array (
  'type' => 'module',
  'module' => 
  array (
    0 => 'public',
    1 => 'static',
    2 => 'mobile',
  ),
)
[ info ] [ HEADER ] array (
  'cookie' => 'phone_user_name=xixi; phone_user_id=59; phone_user_sign=%E6%9A%82%E6%97%A0; phone_user_avatar=%2Fpublic%2Fuploads%2F20190406%2Ffa961ba91ff96b617dcbc101ff36b2cb.jpg; PHPSESSID=a99up9n5sjga0pc3nfh8nfsj3t; user_id=59; is_distribut=1; uname=xixi',
  'accept-language' => 'zh-CN,zh;q=0.9',
  'accept-encoding' => 'gzip, deflate',
  'user-agent' => 'Mozilla/5.0 (iPhone; CPU iPhone OS 11_0 like Mac OS X) AppleWebKit/604.1.38 (KHTML, like Gecko) Version/11.0 Mobile/15A372 Safari/604.1',
  'connection' => 'keep-alive',
  'host' => 'im.blockhp.com',
  'content-type' => '',
  'content-length' => '',
)
[ info ] [ PARAM ] array (
  'js' => 'web3.js.map',
)
[ info ] [ LOG ] INIT File

---------------------------------------------------------------
[ 2019-04-10T00:24:25+08:00 ] 172.24.149.137 58.219.160.144 GET /phone/wallet
[ log ] im.blockhp.com/phone/wallet [运行时间：1.091011s][吞吐率：0.92req/s] [内存消耗：2,896.40kb] [文件加载：57]
[ info ] [ LANG ] /www/wwwroot/im.blockhp.com/thinkphp/lang/zh-cn.php
[ info ] [ ROUTE ] array (
  'type' => 'module',
  'module' => 
  array (
    0 => 'phone',
    1 => 'wallet',
    2 => NULL,
  ),
)
[ info ] [ HEADER ] array (
  'cookie' => 'phone_user_name=xixi; phone_user_id=59; phone_user_sign=%E6%9A%82%E6%97%A0; phone_user_avatar=%2Fpublic%2Fuploads%2F20190406%2Ffa961ba91ff96b617dcbc101ff36b2cb.jpg; PHPSESSID=a99up9n5sjga0pc3nfh8nfsj3t; user_id=59; is_distribut=1; uname=xixi',
  'accept-language' => 'zh-CN,zh;q=0.9',
  'accept-encoding' => 'gzip, deflate',
  'accept' => 'text/html,application/xhtml+xml,application/xml;q=0.9,image/webp,image/apng,*/*;q=0.8',
  'user-agent' => 'Mozilla/5.0 (iPhone; CPU iPhone OS 11_0 like Mac OS X) AppleWebKit/604.1.38 (KHTML, like Gecko) Version/11.0 Mobile/15A372 Safari/604.1',
  'upgrade-insecure-requests' => '1',
  'cache-control' => 'max-age=0',
  'connection' => 'keep-alive',
  'host' => 'im.blockhp.com',
  'content-type' => '',
  'content-length' => '',
)
[ info ] [ PARAM ] array (
)
[ info ] [ RUN ] app\phone\controller\Wallet->index[ /www/wwwroot/im.blockhp.com/application/phone/controller/Wallet.php ]
[ info ] [ DB ] INIT mysql
[ info ] [ DB ] INIT mysql
[ info ] [ DB ] INIT mysql
[ info ] [ DB ] INIT mysql
[ info ] [ VIEW ] /www/wwwroot/im.blockhp.com/application/phone/view/wallet/index.html [ array (
  0 => 'action',
  1 => 'socket_server',
  2 => 'userInfo',
) ]
[ info ] [ LOG ] INIT File
[ sql ] [ DB ] CONNECT:[ UseTime:0.000266s ] mysql:dbname=ichat_pro;host=localhost;port=3306;charset=utf8
[ sql ] [ SQL ] SHOW COLUMNS FROM `tp_chatuser` [ RunTime:0.000812s ]
[ sql ] [ SQL ] SELECT `eth_lst`,`bhp_lst`,`usdt_lst`,`eth_public_key`,`bhp_public_key`,`usdt_public_key` FROM `tp_chatuser` WHERE  `id` = 59 LIMIT 1 [ RunTime:0.000189s ]
[ sql ] [ DB ] CONNECT:[ UseTime:0.000190s ] mysql:dbname=ichat_pro;host=localhost;port=3306;charset=utf8
[ sql ] [ SQL ] SELECT `eth_public_key` FROM `tp_chatuser` WHERE  `id` = 59 LIMIT 1 [ RunTime:0.000146s ]
[ sql ] [ DB ] CONNECT:[ UseTime:0.000331s ] mysql:dbname=ichat_pro;host=localhost;port=3306;charset=utf8
[ sql ] [ SQL ] SELECT `bhp_public_key` FROM `tp_chatuser` WHERE  `id` = 59 LIMIT 1 [ RunTime:0.000244s ]
[ sql ] [ DB ] CONNECT:[ UseTime:0.000391s ] mysql:dbname=ichat_pro;host=localhost;port=3306;charset=utf8
[ sql ] [ SQL ] SELECT `usdt_public_key` FROM `tp_chatuser` WHERE  `id` = 59 LIMIT 1 [ RunTime:0.000256s ]
[ error ] [8]未定义变量: sys[/www/wwwroot/im.blockhp.com/runtime/temp/20d031a8d922fb4caaa019b3eadb1b03.php:6]
[ error ] [8]未定义变量: sys[/www/wwwroot/im.blockhp.com/runtime/temp/20d031a8d922fb4caaa019b3eadb1b03.php:7]
[ error ] [8]未定义变量: sys[/www/wwwroot/im.blockhp.com/runtime/temp/20d031a8d922fb4caaa019b3eadb1b03.php:8]

---------------------------------------------------------------
[ 2019-04-10T00:24:26+08:00 ] 172.24.149.137 58.219.160.144 GET /public/static/mobile/js/web3.js.map
[ log ] im.blockhp.com/public/static/mobile/js/web3.js.map [运行时间：0.019305s][吞吐率：51.80req/s] [内存消耗：1,797.18kb] [文件加载：40]
[ info ] [ LANG ] /www/wwwroot/im.blockhp.com/thinkphp/lang/zh-cn.php
[ info ] [ ROUTE ] array (
  'type' => 'module',
  'module' => 
  array (
    0 => 'public',
    1 => 'static',
    2 => 'mobile',
  ),
)
[ info ] [ HEADER ] array (
  'cookie' => 'phone_user_name=xixi; phone_user_id=59; phone_user_sign=%E6%9A%82%E6%97%A0; phone_user_avatar=%2Fpublic%2Fuploads%2F20190406%2Ffa961ba91ff96b617dcbc101ff36b2cb.jpg; PHPSESSID=a99up9n5sjga0pc3nfh8nfsj3t; user_id=59; is_distribut=1; uname=xixi',
  'accept-language' => 'zh-CN,zh;q=0.9',
  'accept-encoding' => 'gzip, deflate',
  'user-agent' => 'Mozilla/5.0 (iPhone; CPU iPhone OS 11_0 like Mac OS X) AppleWebKit/604.1.38 (KHTML, like Gecko) Version/11.0 Mobile/15A372 Safari/604.1',
  'connection' => 'keep-alive',
  'host' => 'im.blockhp.com',
  'content-type' => '',
  'content-length' => '',
)
[ info ] [ PARAM ] array (
  'js' => 'web3.js.map',
)
[ info ] [ LOG ] INIT File

---------------------------------------------------------------
[ 2019-04-10T00:24:34+08:00 ] 172.24.149.137 58.219.160.144 GET /phone/wallet
[ log ] im.blockhp.com/phone/wallet [运行时间：5.020907s][吞吐率：0.20req/s] [内存消耗：2,896.40kb] [文件加载：57]
[ info ] [ LANG ] /www/wwwroot/im.blockhp.com/thinkphp/lang/zh-cn.php
[ info ] [ ROUTE ] array (
  'type' => 'module',
  'module' => 
  array (
    0 => 'phone',
    1 => 'wallet',
    2 => NULL,
  ),
)
[ info ] [ HEADER ] array (
  'cookie' => 'phone_user_name=xixi; phone_user_id=59; phone_user_sign=%E6%9A%82%E6%97%A0; phone_user_avatar=%2Fpublic%2Fuploads%2F20190406%2Ffa961ba91ff96b617dcbc101ff36b2cb.jpg; PHPSESSID=a99up9n5sjga0pc3nfh8nfsj3t; user_id=59; is_distribut=1; uname=xixi',
  'accept-language' => 'zh-CN,zh;q=0.9',
  'accept-encoding' => 'gzip, deflate',
  'accept' => 'text/html,application/xhtml+xml,application/xml;q=0.9,image/webp,image/apng,*/*;q=0.8',
  'user-agent' => 'Mozilla/5.0 (iPhone; CPU iPhone OS 11_0 like Mac OS X) AppleWebKit/604.1.38 (KHTML, like Gecko) Version/11.0 Mobile/15A372 Safari/604.1',
  'upgrade-insecure-requests' => '1',
  'cache-control' => 'max-age=0',
  'connection' => 'keep-alive',
  'host' => 'im.blockhp.com',
  'content-type' => '',
  'content-length' => '',
)
[ info ] [ PARAM ] array (
)
[ info ] [ RUN ] app\phone\controller\Wallet->index[ /www/wwwroot/im.blockhp.com/application/phone/controller/Wallet.php ]
[ info ] [ DB ] INIT mysql
[ info ] [ DB ] INIT mysql
[ info ] [ DB ] INIT mysql
[ info ] [ DB ] INIT mysql
[ info ] [ VIEW ] /www/wwwroot/im.blockhp.com/application/phone/view/wallet/index.html [ array (
  0 => 'action',
  1 => 'socket_server',
  2 => 'userInfo',
) ]
[ info ] [ LOG ] INIT File
[ sql ] [ DB ] CONNECT:[ UseTime:0.000300s ] mysql:dbname=ichat_pro;host=localhost;port=3306;charset=utf8
[ sql ] [ SQL ] SHOW COLUMNS FROM `tp_chatuser` [ RunTime:0.000837s ]
[ sql ] [ SQL ] SELECT `eth_lst`,`bhp_lst`,`usdt_lst`,`eth_public_key`,`bhp_public_key`,`usdt_public_key` FROM `tp_chatuser` WHERE  `id` = 59 LIMIT 1 [ RunTime:0.000193s ]
[ sql ] [ DB ] CONNECT:[ UseTime:0.000177s ] mysql:dbname=ichat_pro;host=localhost;port=3306;charset=utf8
[ sql ] [ SQL ] SELECT `eth_public_key` FROM `tp_chatuser` WHERE  `id` = 59 LIMIT 1 [ RunTime:0.000145s ]
[ sql ] [ DB ] CONNECT:[ UseTime:0.000349s ] mysql:dbname=ichat_pro;host=localhost;port=3306;charset=utf8
[ sql ] [ SQL ] SELECT `bhp_public_key` FROM `tp_chatuser` WHERE  `id` = 59 LIMIT 1 [ RunTime:0.000295s ]
[ sql ] [ DB ] CONNECT:[ UseTime:0.000349s ] mysql:dbname=ichat_pro;host=localhost;port=3306;charset=utf8
[ sql ] [ SQL ] SELECT `usdt_public_key` FROM `tp_chatuser` WHERE  `id` = 59 LIMIT 1 [ RunTime:0.000286s ]
[ error ] [8]未定义变量: sys[/www/wwwroot/im.blockhp.com/runtime/temp/20d031a8d922fb4caaa019b3eadb1b03.php:6]
[ error ] [8]未定义变量: sys[/www/wwwroot/im.blockhp.com/runtime/temp/20d031a8d922fb4caaa019b3eadb1b03.php:7]
[ error ] [8]未定义变量: sys[/www/wwwroot/im.blockhp.com/runtime/temp/20d031a8d922fb4caaa019b3eadb1b03.php:8]

---------------------------------------------------------------
[ 2019-04-10T00:24:34+08:00 ] 172.24.149.137 58.219.160.144 GET /public/static/mobile/js/web3.js.map
[ log ] im.blockhp.com/public/static/mobile/js/web3.js.map [运行时间：0.018997s][吞吐率：52.64req/s] [内存消耗：1,797.18kb] [文件加载：40]
[ info ] [ LANG ] /www/wwwroot/im.blockhp.com/thinkphp/lang/zh-cn.php
[ info ] [ ROUTE ] array (
  'type' => 'module',
  'module' => 
  array (
    0 => 'public',
    1 => 'static',
    2 => 'mobile',
  ),
)
[ info ] [ HEADER ] array (
  'cookie' => 'phone_user_name=xixi; phone_user_id=59; phone_user_sign=%E6%9A%82%E6%97%A0; phone_user_avatar=%2Fpublic%2Fuploads%2F20190406%2Ffa961ba91ff96b617dcbc101ff36b2cb.jpg; PHPSESSID=a99up9n5sjga0pc3nfh8nfsj3t; user_id=59; is_distribut=1; uname=xixi',
  'accept-language' => 'zh-CN,zh;q=0.9',
  'accept-encoding' => 'gzip, deflate',
  'user-agent' => 'Mozilla/5.0 (iPhone; CPU iPhone OS 11_0 like Mac OS X) AppleWebKit/604.1.38 (KHTML, like Gecko) Version/11.0 Mobile/15A372 Safari/604.1',
  'connection' => 'keep-alive',
  'host' => 'im.blockhp.com',
  'content-type' => '',
  'content-length' => '',
)
[ info ] [ PARAM ] array (
  'js' => 'web3.js.map',
)
[ info ] [ LOG ] INIT File

---------------------------------------------------------------
[ 2019-04-10T00:25:18+08:00 ] 172.24.149.137 58.219.160.144 GET /phone/wallet
[ log ] im.blockhp.com/phone/wallet [运行时间：1.240148s][吞吐率：0.81req/s] [内存消耗：2,896.40kb] [文件加载：57]
[ info ] [ LANG ] /www/wwwroot/im.blockhp.com/thinkphp/lang/zh-cn.php
[ info ] [ ROUTE ] array (
  'type' => 'module',
  'module' => 
  array (
    0 => 'phone',
    1 => 'wallet',
    2 => NULL,
  ),
)
[ info ] [ HEADER ] array (
  'cookie' => 'phone_user_name=xixi; phone_user_id=59; phone_user_sign=%E6%9A%82%E6%97%A0; phone_user_avatar=%2Fpublic%2Fuploads%2F20190406%2Ffa961ba91ff96b617dcbc101ff36b2cb.jpg; PHPSESSID=a99up9n5sjga0pc3nfh8nfsj3t; user_id=59; is_distribut=1; uname=xixi',
  'accept-language' => 'zh-CN,zh;q=0.9',
  'accept-encoding' => 'gzip, deflate',
  'accept' => 'text/html,application/xhtml+xml,application/xml;q=0.9,image/webp,image/apng,*/*;q=0.8',
  'user-agent' => 'Mozilla/5.0 (iPhone; CPU iPhone OS 11_0 like Mac OS X) AppleWebKit/604.1.38 (KHTML, like Gecko) Version/11.0 Mobile/15A372 Safari/604.1',
  'upgrade-insecure-requests' => '1',
  'cache-control' => 'max-age=0',
  'connection' => 'keep-alive',
  'host' => 'im.blockhp.com',
  'content-type' => '',
  'content-length' => '',
)
[ info ] [ PARAM ] array (
)
[ info ] [ RUN ] app\phone\controller\Wallet->index[ /www/wwwroot/im.blockhp.com/application/phone/controller/Wallet.php ]
[ info ] [ DB ] INIT mysql
[ info ] [ DB ] INIT mysql
[ info ] [ DB ] INIT mysql
[ info ] [ DB ] INIT mysql
[ info ] [ VIEW ] /www/wwwroot/im.blockhp.com/application/phone/view/wallet/index.html [ array (
  0 => 'action',
  1 => 'socket_server',
  2 => 'userInfo',
) ]
[ info ] [ LOG ] INIT File
[ sql ] [ DB ] CONNECT:[ UseTime:0.000292s ] mysql:dbname=ichat_pro;host=localhost;port=3306;charset=utf8
[ sql ] [ SQL ] SHOW COLUMNS FROM `tp_chatuser` [ RunTime:0.000819s ]
[ sql ] [ SQL ] SELECT `eth_lst`,`bhp_lst`,`usdt_lst`,`eth_public_key`,`bhp_public_key`,`usdt_public_key` FROM `tp_chatuser` WHERE  `id` = 59 LIMIT 1 [ RunTime:0.000213s ]
[ sql ] [ DB ] CONNECT:[ UseTime:0.000183s ] mysql:dbname=ichat_pro;host=localhost;port=3306;charset=utf8
[ sql ] [ SQL ] SELECT `eth_public_key` FROM `tp_chatuser` WHERE  `id` = 59 LIMIT 1 [ RunTime:0.000151s ]
[ sql ] [ DB ] CONNECT:[ UseTime:0.000301s ] mysql:dbname=ichat_pro;host=localhost;port=3306;charset=utf8
[ sql ] [ SQL ] SELECT `bhp_public_key` FROM `tp_chatuser` WHERE  `id` = 59 LIMIT 1 [ RunTime:0.000218s ]
[ sql ] [ DB ] CONNECT:[ UseTime:0.000307s ] mysql:dbname=ichat_pro;host=localhost;port=3306;charset=utf8
[ sql ] [ SQL ] SELECT `usdt_public_key` FROM `tp_chatuser` WHERE  `id` = 59 LIMIT 1 [ RunTime:0.000274s ]
[ error ] [8]未定义变量: sys[/www/wwwroot/im.blockhp.com/runtime/temp/20d031a8d922fb4caaa019b3eadb1b03.php:6]
[ error ] [8]未定义变量: sys[/www/wwwroot/im.blockhp.com/runtime/temp/20d031a8d922fb4caaa019b3eadb1b03.php:7]
[ error ] [8]未定义变量: sys[/www/wwwroot/im.blockhp.com/runtime/temp/20d031a8d922fb4caaa019b3eadb1b03.php:8]

---------------------------------------------------------------
[ 2019-04-10T00:25:18+08:00 ] 172.24.149.137 58.219.160.144 GET /public/static/mobile/js/web3.js.map
[ log ] im.blockhp.com/public/static/mobile/js/web3.js.map [运行时间：0.018179s][吞吐率：55.01req/s] [内存消耗：1,797.18kb] [文件加载：40]
[ info ] [ LANG ] /www/wwwroot/im.blockhp.com/thinkphp/lang/zh-cn.php
[ info ] [ ROUTE ] array (
  'type' => 'module',
  'module' => 
  array (
    0 => 'public',
    1 => 'static',
    2 => 'mobile',
  ),
)
[ info ] [ HEADER ] array (
  'cookie' => 'phone_user_name=xixi; phone_user_id=59; phone_user_sign=%E6%9A%82%E6%97%A0; phone_user_avatar=%2Fpublic%2Fuploads%2F20190406%2Ffa961ba91ff96b617dcbc101ff36b2cb.jpg; PHPSESSID=a99up9n5sjga0pc3nfh8nfsj3t; user_id=59; is_distribut=1; uname=xixi',
  'accept-language' => 'zh-CN,zh;q=0.9',
  'accept-encoding' => 'gzip, deflate',
  'user-agent' => 'Mozilla/5.0 (iPhone; CPU iPhone OS 11_0 like Mac OS X) AppleWebKit/604.1.38 (KHTML, like Gecko) Version/11.0 Mobile/15A372 Safari/604.1',
  'connection' => 'keep-alive',
  'host' => 'im.blockhp.com',
  'content-type' => '',
  'content-length' => '',
)
[ info ] [ PARAM ] array (
  'js' => 'web3.js.map',
)
[ info ] [ LOG ] INIT File

---------------------------------------------------------------
[ 2019-04-10T20:40:33+08:00 ] 172.24.149.137 221.231.70.184 GET /
[ log ] im.blockhp.com/ [运行时间：0.020563s][吞吐率：48.63req/s] [内存消耗：1,991.02kb] [文件加载：47]
[ info ] [ LANG ] /www/wwwroot/im.blockhp.com/thinkphp/lang/zh-cn.php
[ info ] [ ROUTE ] array (
  'type' => 'module',
  'module' => 
  array (
    0 => '',
    1 => NULL,
    2 => NULL,
  ),
)
[ info ] [ HEADER ] array (
  'accept-language' => 'zh-CN,zh;q=0.9',
  'accept-encoding' => 'gzip, deflate',
  'accept' => 'text/html,application/xhtml+xml,application/xml;q=0.9,image/webp,image/apng,*/*;q=0.8',
  'user-agent' => 'Mozilla/5.0 (Windows NT 6.1; WOW64) AppleWebKit/537.36 (KHTML, like Gecko) Chrome/63.0.3239.132 Safari/537.36',
  'upgrade-insecure-requests' => '1',
  'connection' => 'keep-alive',
  'host' => 'im.blockhp.com',
  'content-type' => '',
  'content-length' => '',
)
[ info ] [ PARAM ] array (
)
[ info ] [ LOG ] INIT File

---------------------------------------------------------------
[ 2019-04-10T20:40:33+08:00 ] 172.24.149.137 221.231.70.184 GET /phone/login/index.html
[ log ] im.blockhp.com/phone/login/index.html [运行时间：0.019889s][吞吐率：50.28req/s] [内存消耗：1,996.82kb] [文件加载：45]
[ info ] [ LANG ] /www/wwwroot/im.blockhp.com/thinkphp/lang/zh-cn.php
[ info ] [ ROUTE ] array (
  'type' => 'module',
  'module' => 
  array (
    0 => 'phone',
    1 => 'login',
    2 => 'index',
  ),
)
[ info ] [ HEADER ] array (
  'accept-language' => 'zh-CN,zh;q=0.9',
  'accept-encoding' => 'gzip, deflate',
  'accept' => 'text/html,application/xhtml+xml,application/xml;q=0.9,image/webp,image/apng,*/*;q=0.8',
  'user-agent' => 'Mozilla/5.0 (Windows NT 6.1; WOW64) AppleWebKit/537.36 (KHTML, like Gecko) Chrome/63.0.3239.132 Safari/537.36',
  'upgrade-insecure-requests' => '1',
  'connection' => 'keep-alive',
  'host' => 'im.blockhp.com',
  'content-type' => '',
  'content-length' => '',
)
[ info ] [ PARAM ] array (
)
[ info ] [ RUN ] app\phone\controller\Login->index[ /www/wwwroot/im.blockhp.com/application/phone/controller/Login.php ]
[ info ] [ VIEW ] /www/wwwroot/im.blockhp.com/application/phone/view/login/index.html [ array (
  0 => 'action',
) ]
[ info ] [ LOG ] INIT File

---------------------------------------------------------------
[ 2019-04-10T20:40:35+08:00 ] 172.24.149.137 221.231.70.184 GET /public/static/common/css/bootstrap.min.css.map
[ log ] im.blockhp.com/public/static/common/css/bootstrap.min.css.map [运行时间：0.019775s][吞吐率：50.57req/s] [内存消耗：1,796.88kb] [文件加载：40]
[ info ] [ LANG ] /www/wwwroot/im.blockhp.com/thinkphp/lang/zh-cn.php
[ info ] [ ROUTE ] array (
  'type' => 'module',
  'module' => 
  array (
    0 => 'public',
    1 => 'static',
    2 => 'common',
  ),
)
[ info ] [ HEADER ] array (
  'accept-language' => 'zh-CN,zh;q=0.9',
  'accept-encoding' => 'gzip, deflate',
  'user-agent' => 'Mozilla/5.0 (iPhone; CPU iPhone OS 10_3 like Mac OS X) AppleWebKit/602.1.50 (KHTML, like Gecko) CriOS/56.0.2924.75 Mobile/14E5239e Safari/602.1',
  'connection' => 'keep-alive',
  'host' => 'im.blockhp.com',
  'content-type' => '',
  'content-length' => '',
)
[ info ] [ PARAM ] array (
  'css' => 'bootstrap.min.css.map',
)
[ info ] [ LOG ] INIT File

---------------------------------------------------------------
[ 2019-04-10T20:40:44+08:00 ] 172.24.149.137 221.231.70.184 POST /phone/login/dologin.html
[ log ] im.blockhp.com/phone/login/dologin.html [运行时间：0.039700s][吞吐率：25.19req/s] [内存消耗：3,695.48kb] [文件加载：64]
[ info ] [ LANG ] /www/wwwroot/im.blockhp.com/thinkphp/lang/zh-cn.php
[ info ] [ ROUTE ] array (
  'type' => 'module',
  'module' => 
  array (
    0 => 'phone',
    1 => 'login',
    2 => 'dologin',
  ),
)
[ info ] [ HEADER ] array (
  'accept-language' => 'zh-CN,zh;q=0.9',
  'accept-encoding' => 'gzip, deflate',
  'referer' => 'http://im.blockhp.com/phone/login/index.html',
  'content-type' => 'application/x-www-form-urlencoded; charset=UTF-8',
  'user-agent' => 'Mozilla/5.0 (iPhone; CPU iPhone OS 10_3 like Mac OS X) AppleWebKit/602.1.50 (KHTML, like Gecko) CriOS/56.0.2924.75 Mobile/14E5239e Safari/602.1',
  'x-requested-with' => 'XMLHttpRequest',
  'origin' => 'http://im.blockhp.com',
  'accept' => '*/*',
  'content-length' => '42',
  'connection' => 'keep-alive',
  'host' => 'im.blockhp.com',
)
[ info ] [ PARAM ] array (
  'user_name' => '15380581700@163.com',
  'pwd' => '123456',
)
[ info ] [ RUN ] app\phone\controller\Login->doLogin[ /www/wwwroot/im.blockhp.com/application/phone/controller/Login.php ]
[ info ] [ DB ] INIT mysql
[ info ] [ DB ] INIT mysql
[ info ] [ DB ] INIT mysql
[ info ] [ CACHE ] INIT File
[ info ] [ LOG ] INIT File
[ sql ] [ DB ] CONNECT:[ UseTime:0.000288s ] mysql:dbname=ichat_pro;host=localhost;port=3306;charset=utf8
[ sql ] [ SQL ] SHOW COLUMNS FROM `tp_chatuser` [ RunTime:0.000841s ]
[ sql ] [ SQL ] SELECT `id`,`user_name`,`pwd`,`sign`,`avatar` FROM `tp_chatuser` WHERE  `truename` = '15380581700@163.com' LIMIT 1 [ RunTime:0.000271s ]
[ sql ] [ DB ] CONNECT:[ UseTime:0.000177s ] mysql:dbname=ichat_pro;host=localhost;port=3306;charset=utf8
[ sql ] [ SQL ] UPDATE `tp_chatuser`  SET `status`=1  WHERE  `id` = 62 [ RunTime:0.000384s ]
[ sql ] [ DB ] CONNECT:[ UseTime:0.000195s ] mysql:dbname=ichat_pro;host=localhost;port=3306;charset=utf8
[ sql ] [ SQL ] SHOW COLUMNS FROM `tp_users` [ RunTime:0.000689s ]
[ sql ] [ SQL ] SELECT * FROM `tp_users` WHERE  (  mobile='15380581700@163.com' OR email='15380581700@163.com' ) LIMIT 1 [ RunTime:0.000242s ]
[ sql ] [ SQL ] SHOW COLUMNS FROM `tp_user_level` [ RunTime:0.000494s ]
[ sql ] [ SQL ] SELECT `level_name` FROM `tp_user_level` WHERE  (  level_id = 1 ) LIMIT 1 [ RunTime:0.000133s ]
[ sql ] [ SQL ] SHOW COLUMNS FROM `tp_cart` [ RunTime:0.000548s ]
[ sql ] [ SQL ] UPDATE `tp_cart`  SET `user_id`=62  WHERE  (  session_id = 'vuqlroei2n595fcf957siqvaod' ) [ RunTime:0.000225s ]
[ sql ] [ SQL ] select id from `tp_cart` where user_id = 62 group by  goods_id,spec_key having count(goods_id) > 1 [ RunTime:0.000128s ]
[ error ] [8]Constant IS_AJAX already defined[/www/wwwroot/im.blockhp.com/thinkphp/library/think/Controller.php:56]
[ error ] [8]Constant IS_GET already defined[/www/wwwroot/im.blockhp.com/thinkphp/library/think/Controller.php:57]
[ error ] [8]Constant IS_POST already defined[/www/wwwroot/im.blockhp.com/thinkphp/library/think/Controller.php:58]
[ error ] [8]Constant MODULE_NAME already defined[/www/wwwroot/im.blockhp.com/thinkphp/library/think/Controller.php:60]
[ error ] [8]Constant CONTROLLER_NAME already defined[/www/wwwroot/im.blockhp.com/thinkphp/library/think/Controller.php:61]
[ error ] [8]Constant ACTION_NAME already defined[/www/wwwroot/im.blockhp.com/thinkphp/library/think/Controller.php:62]
[ error ] [8]Constant PREFIX already defined[/www/wwwroot/im.blockhp.com/thinkphp/library/think/Controller.php:63]

---------------------------------------------------------------
[ 2019-04-10T20:40:44+08:00 ] 172.24.149.137 221.231.70.184 GET /phone/index/index.html
[ log ] im.blockhp.com/phone/index/index.html [运行时间：0.029146s][吞吐率：34.31req/s] [内存消耗：2,756.62kb] [文件加载：53]
[ info ] [ LANG ] /www/wwwroot/im.blockhp.com/thinkphp/lang/zh-cn.php
[ info ] [ ROUTE ] array (
  'type' => 'module',
  'module' => 
  array (
    0 => 'phone',
    1 => 'index',
    2 => 'index',
  ),
)
[ info ] [ HEADER ] array (
  'cookie' => 'phone_user_name=mail; phone_user_id=62; phone_user_sign=%E6%9A%82%E6%97%A0; phone_user_avatar=%2Fpublic%2Fstatic%2Fcommon%2Fimages%2Fcommon.jpg; PHPSESSID=vuqlroei2n595fcf957siqvaod; is_mobile=1; user_id=62; is_distribut=1; uname=mail',
  'accept-language' => 'zh-CN,zh;q=0.9',
  'accept-encoding' => 'gzip, deflate',
  'referer' => 'http://im.blockhp.com/phone/login/index.html',
  'accept' => 'text/html,application/xhtml+xml,application/xml;q=0.9,image/webp,image/apng,*/*;q=0.8',
  'user-agent' => 'Mozilla/5.0 (iPhone; CPU iPhone OS 10_3 like Mac OS X) AppleWebKit/602.1.50 (KHTML, like Gecko) CriOS/56.0.2924.75 Mobile/14E5239e Safari/602.1',
  'upgrade-insecure-requests' => '1',
  'connection' => 'keep-alive',
  'host' => 'im.blockhp.com',
  'content-type' => '',
  'content-length' => '',
)
[ info ] [ PARAM ] array (
)
[ info ] [ RUN ] app\phone\controller\Index->index[ /www/wwwroot/im.blockhp.com/application/phone/controller/Index.php ]
[ info ] [ DB ] INIT mysql
[ info ] [ DB ] INIT mysql
[ info ] [ DB ] INIT mysql
[ info ] [ VIEW ] /www/wwwroot/im.blockhp.com/application/phone/view/index/index.html [ array (
  0 => 'action',
  1 => 'socket_server',
  2 => 'userlist',
  3 => 'uinfo',
) ]
[ info ] [ LOG ] INIT File
[ sql ] [ DB ] CONNECT:[ UseTime:0.000251s ] mysql:dbname=ichat_pro;host=localhost;port=3306;charset=utf8
[ sql ] [ SQL ] SHOW COLUMNS FROM `tp_chatuser` [ RunTime:0.000752s ]
[ sql ] [ SQL ] SELECT * FROM `tp_chatuser` WHERE  `id` = 62 LIMIT 1 [ RunTime:0.000310s ]
[ sql ] [ DB ] CONNECT:[ UseTime:0.000165s ] mysql:dbname=ichat_pro;host=localhost;port=3306;charset=utf8
[ sql ] [ SQL ] SHOW COLUMNS FROM `tp_friends` [ RunTime:0.000476s ]
[ sql ] [ SQL ] SELECT `c`.`user_name`,`c`.`id`,`c`.`avatar`,`c`.`sign`,`c`.`status`,`f`.`group_id` FROM `tp_friends` `f` INNER JOIN `tp_chatuser` `c` ON `c`.`id`=`f`.`friend_id` WHERE  `f`.`user_id` = '62' [ RunTime:0.000245s ]
[ sql ] [ DB ] CONNECT:[ UseTime:0.000165s ] mysql:dbname=ichat_pro;host=localhost;port=3306;charset=utf8
[ sql ] [ SQL ] SHOW COLUMNS FROM `tp_groupdetail` [ RunTime:0.000461s ]
[ sql ] [ SQL ] SELECT c.group_name groupname,`c`.`id`,`c`.`avatar` FROM `tp_groupdetail` `j` INNER JOIN `tp_chatgroup` `c` ON `j`.`group_id`=`c`.`id` WHERE  `j`.`user_id` = '62' GROUP BY j.group_id [ RunTime:0.000164s ]

---------------------------------------------------------------
[ 2019-04-10T20:40:44+08:00 ] 172.24.149.137 221.231.70.184 GET /public/static/common/css/bootstrap.min.css.map
[ log ] im.blockhp.com/public/static/common/css/bootstrap.min.css.map [运行时间：0.019824s][吞吐率：50.44req/s] [内存消耗：1,797.22kb] [文件加载：40]
[ info ] [ LANG ] /www/wwwroot/im.blockhp.com/thinkphp/lang/zh-cn.php
[ info ] [ ROUTE ] array (
  'type' => 'module',
  'module' => 
  array (
    0 => 'public',
    1 => 'static',
    2 => 'common',
  ),
)
[ info ] [ HEADER ] array (
  'cookie' => 'phone_user_name=mail; phone_user_id=62; phone_user_sign=%E6%9A%82%E6%97%A0; phone_user_avatar=%2Fpublic%2Fstatic%2Fcommon%2Fimages%2Fcommon.jpg; PHPSESSID=vuqlroei2n595fcf957siqvaod; is_mobile=1; user_id=62; is_distribut=1; uname=mail',
  'accept-language' => 'zh-CN,zh;q=0.9',
  'accept-encoding' => 'gzip, deflate',
  'user-agent' => 'Mozilla/5.0 (iPhone; CPU iPhone OS 10_3 like Mac OS X) AppleWebKit/602.1.50 (KHTML, like Gecko) CriOS/56.0.2924.75 Mobile/14E5239e Safari/602.1',
  'connection' => 'keep-alive',
  'host' => 'im.blockhp.com',
  'content-type' => '',
  'content-length' => '',
)
[ info ] [ PARAM ] array (
  'css' => 'bootstrap.min.css.map',
)
[ info ] [ LOG ] INIT File

---------------------------------------------------------------
[ 2019-04-10T20:40:56+08:00 ] 172.24.149.137 221.231.70.184 GET /Phone/Wallet/index
[ log ] im.blockhp.com/Phone/Wallet/index [运行时间：1.081845s][吞吐率：0.92req/s] [内存消耗：2,806.42kb] [文件加载：54]
[ info ] [ LANG ] /www/wwwroot/im.blockhp.com/thinkphp/lang/zh-cn.php
[ info ] [ ROUTE ] array (
  'type' => 'module',
  'module' => 
  array (
    0 => 'Phone',
    1 => 'Wallet',
    2 => 'index',
  ),
)
[ info ] [ HEADER ] array (
  'cookie' => 'phone_user_name=mail; phone_user_id=62; phone_user_sign=%E6%9A%82%E6%97%A0; phone_user_avatar=%2Fpublic%2Fstatic%2Fcommon%2Fimages%2Fcommon.jpg; PHPSESSID=vuqlroei2n595fcf957siqvaod; is_mobile=1; user_id=62; is_distribut=1; uname=mail',
  'accept-language' => 'zh-CN,zh;q=0.9',
  'accept-encoding' => 'gzip, deflate',
  'referer' => 'http://im.blockhp.com/phone/index/index.html',
  'accept' => 'text/html,application/xhtml+xml,application/xml;q=0.9,image/webp,image/apng,*/*;q=0.8',
  'user-agent' => 'Mozilla/5.0 (iPhone; CPU iPhone OS 10_3 like Mac OS X) AppleWebKit/602.1.50 (KHTML, like Gecko) CriOS/56.0.2924.75 Mobile/14E5239e Safari/602.1',
  'upgrade-insecure-requests' => '1',
  'connection' => 'keep-alive',
  'host' => 'im.blockhp.com',
  'content-type' => '',
  'content-length' => '',
)
[ info ] [ PARAM ] array (
)
[ info ] [ RUN ] app\phone\controller\Wallet->index[ /www/wwwroot/im.blockhp.com/application/phone/controller/Wallet.php ]
[ info ] [ DB ] INIT mysql
[ info ] [ DB ] INIT mysql
[ info ] [ DB ] INIT mysql
[ info ] [ DB ] INIT mysql
[ info ] [ LOG ] INIT File
[ sql ] [ DB ] CONNECT:[ UseTime:0.000322s ] mysql:dbname=ichat_pro;host=localhost;port=3306;charset=utf8
[ sql ] [ SQL ] SHOW COLUMNS FROM `tp_chatuser` [ RunTime:0.000800s ]
[ sql ] [ SQL ] SELECT `eth_lst`,`bhp_lst`,`usdt_lst`,`eth_public_key`,`bhp_public_key`,`usdt_public_key` FROM `tp_chatuser` WHERE  `id` = 62 LIMIT 1 [ RunTime:0.000273s ]
[ sql ] [ DB ] CONNECT:[ UseTime:0.000187s ] mysql:dbname=ichat_pro;host=localhost;port=3306;charset=utf8
[ sql ] [ SQL ] SELECT `eth_public_key` FROM `tp_chatuser` WHERE  `id` = 62 LIMIT 1 [ RunTime:0.000200s ]
[ sql ] [ DB ] CONNECT:[ UseTime:0.000284s ] mysql:dbname=ichat_pro;host=localhost;port=3306;charset=utf8
[ sql ] [ SQL ] SELECT `bhp_public_key` FROM `tp_chatuser` WHERE  `id` = 62 LIMIT 1 [ RunTime:0.000357s ]
[ sql ] [ DB ] CONNECT:[ UseTime:0.000279s ] mysql:dbname=ichat_pro;host=localhost;port=3306;charset=utf8
[ sql ] [ SQL ] SELECT `usdt_public_key` FROM `tp_chatuser` WHERE  `id` = 62 LIMIT 1 [ RunTime:0.000328s ]

---------------------------------------------------------------
[ 2019-04-10T20:40:57+08:00 ] 172.24.149.137 221.231.70.184 GET /Phone/Wallet/index
[ log ] im.blockhp.com/Phone/Wallet/index [运行时间：1.114406s][吞吐率：0.90req/s] [内存消耗：2,806.42kb] [文件加载：54]
[ info ] [ LANG ] /www/wwwroot/im.blockhp.com/thinkphp/lang/zh-cn.php
[ info ] [ ROUTE ] array (
  'type' => 'module',
  'module' => 
  array (
    0 => 'Phone',
    1 => 'Wallet',
    2 => 'index',
  ),
)
[ info ] [ HEADER ] array (
  'cookie' => 'phone_user_name=mail; phone_user_id=62; phone_user_sign=%E6%9A%82%E6%97%A0; phone_user_avatar=%2Fpublic%2Fstatic%2Fcommon%2Fimages%2Fcommon.jpg; PHPSESSID=vuqlroei2n595fcf957siqvaod; is_mobile=1; user_id=62; is_distribut=1; uname=mail',
  'accept-language' => 'zh-CN,zh;q=0.9',
  'accept-encoding' => 'gzip, deflate',
  'referer' => 'http://im.blockhp.com/phone/index/index.html',
  'accept' => 'text/html,application/xhtml+xml,application/xml;q=0.9,image/webp,image/apng,*/*;q=0.8',
  'user-agent' => 'Mozilla/5.0 (iPhone; CPU iPhone OS 10_3 like Mac OS X) AppleWebKit/602.1.50 (KHTML, like Gecko) CriOS/56.0.2924.75 Mobile/14E5239e Safari/602.1',
  'upgrade-insecure-requests' => '1',
  'connection' => 'keep-alive',
  'host' => 'im.blockhp.com',
  'content-type' => '',
  'content-length' => '',
)
[ info ] [ PARAM ] array (
)
[ info ] [ RUN ] app\phone\controller\Wallet->index[ /www/wwwroot/im.blockhp.com/application/phone/controller/Wallet.php ]
[ info ] [ DB ] INIT mysql
[ info ] [ DB ] INIT mysql
[ info ] [ DB ] INIT mysql
[ info ] [ DB ] INIT mysql
[ info ] [ LOG ] INIT File
[ sql ] [ DB ] CONNECT:[ UseTime:0.000278s ] mysql:dbname=ichat_pro;host=localhost;port=3306;charset=utf8
[ sql ] [ SQL ] SHOW COLUMNS FROM `tp_chatuser` [ RunTime:0.000809s ]
[ sql ] [ SQL ] SELECT `eth_lst`,`bhp_lst`,`usdt_lst`,`eth_public_key`,`bhp_public_key`,`usdt_public_key` FROM `tp_chatuser` WHERE  `id` = 62 LIMIT 1 [ RunTime:0.000181s ]
[ sql ] [ DB ] CONNECT:[ UseTime:0.000165s ] mysql:dbname=ichat_pro;host=localhost;port=3306;charset=utf8
[ sql ] [ SQL ] SELECT `eth_public_key` FROM `tp_chatuser` WHERE  `id` = 62 LIMIT 1 [ RunTime:0.000147s ]
[ sql ] [ DB ] CONNECT:[ UseTime:0.000328s ] mysql:dbname=ichat_pro;host=localhost;port=3306;charset=utf8
[ sql ] [ SQL ] SELECT `bhp_public_key` FROM `tp_chatuser` WHERE  `id` = 62 LIMIT 1 [ RunTime:0.000303s ]
[ sql ] [ DB ] CONNECT:[ UseTime:0.000312s ] mysql:dbname=ichat_pro;host=localhost;port=3306;charset=utf8
[ sql ] [ SQL ] SELECT `usdt_public_key` FROM `tp_chatuser` WHERE  `id` = 62 LIMIT 1 [ RunTime:0.000255s ]

---------------------------------------------------------------
[ 2019-04-10T20:40:58+08:00 ] 172.24.149.137 221.231.70.184 GET /phone/wallet/selfpackage.html
[ log ] im.blockhp.com/phone/wallet/selfpackage.html [运行时间：0.028821s][吞吐率：34.70req/s] [内存消耗：2,767.44kb] [文件加载：57]
[ info ] [ LANG ] /www/wwwroot/im.blockhp.com/thinkphp/lang/zh-cn.php
[ info ] [ ROUTE ] array (
  'type' => 'module',
  'module' => 
  array (
    0 => 'phone',
    1 => 'wallet',
    2 => 'selfpackage',
  ),
)
[ info ] [ HEADER ] array (
  'cookie' => 'phone_user_name=mail; phone_user_id=62; phone_user_sign=%E6%9A%82%E6%97%A0; phone_user_avatar=%2Fpublic%2Fstatic%2Fcommon%2Fimages%2Fcommon.jpg; PHPSESSID=vuqlroei2n595fcf957siqvaod; is_mobile=1; user_id=62; is_distribut=1; uname=mail',
  'accept-language' => 'zh-CN,zh;q=0.9',
  'accept-encoding' => 'gzip, deflate',
  'referer' => 'http://im.blockhp.com/phone/index/index.html',
  'accept' => 'text/html,application/xhtml+xml,application/xml;q=0.9,image/webp,image/apng,*/*;q=0.8',
  'user-agent' => 'Mozilla/5.0 (iPhone; CPU iPhone OS 10_3 like Mac OS X) AppleWebKit/602.1.50 (KHTML, like Gecko) CriOS/56.0.2924.75 Mobile/14E5239e Safari/602.1',
  'upgrade-insecure-requests' => '1',
  'connection' => 'keep-alive',
  'host' => 'im.blockhp.com',
  'content-type' => '',
  'content-length' => '',
)
[ info ] [ PARAM ] array (
)
[ info ] [ RUN ] app\phone\controller\Wallet->selfPackage[ /www/wwwroot/im.blockhp.com/application/phone/controller/Wallet.php ]
[ info ] [ DB ] INIT mysql
[ info ] [ DB ] INIT mysql
[ info ] [ VIEW ] /www/wwwroot/im.blockhp.com/application/phone/view/wallet/selfpackage.html [ array (
  0 => 'action',
  1 => 'socket_server',
  2 => 'nowCoinAddress',
  3 => 'openStatus',
) ]
[ info ] [ LOG ] INIT File
[ sql ] [ DB ] CONNECT:[ UseTime:0.000309s ] mysql:dbname=ichat_pro;host=localhost;port=3306;charset=utf8
[ sql ] [ SQL ] SHOW COLUMNS FROM `tp_chatuser` [ RunTime:0.000751s ]
[ sql ] [ SQL ] SELECT `eth_public_key` FROM `tp_chatuser` WHERE  `id` = 62 LIMIT 1 [ RunTime:0.000178s ]
[ sql ] [ DB ] CONNECT:[ UseTime:0.000173s ] mysql:dbname=ichat_pro;host=localhost;port=3306;charset=utf8
[ sql ] [ SQL ] SELECT `eth_public_key` FROM `tp_chatuser` WHERE  `id` = 62 LIMIT 1 [ RunTime:0.000143s ]
[ error ] [8]未定义变量: sys[/www/wwwroot/im.blockhp.com/runtime/temp/84c7c02c9ab8bb9b334b5b841bb0b1a7.php:6]
[ error ] [8]未定义变量: sys[/www/wwwroot/im.blockhp.com/runtime/temp/84c7c02c9ab8bb9b334b5b841bb0b1a7.php:7]
[ error ] [8]未定义变量: sys[/www/wwwroot/im.blockhp.com/runtime/temp/84c7c02c9ab8bb9b334b5b841bb0b1a7.php:8]
[ error ] [8]未定义变量: userInfo[/www/wwwroot/im.blockhp.com/runtime/temp/84c7c02c9ab8bb9b334b5b841bb0b1a7.php:323]

---------------------------------------------------------------
[ 2019-04-10T20:41:12+08:00 ] 172.24.149.137 221.231.70.184 GET /phone/wallet/selfpackage.html
[ log ] im.blockhp.com/phone/wallet/selfpackage.html [运行时间：0.029075s][吞吐率：34.39req/s] [内存消耗：2,767.48kb] [文件加载：57]
[ info ] [ LANG ] /www/wwwroot/im.blockhp.com/thinkphp/lang/zh-cn.php
[ info ] [ ROUTE ] array (
  'type' => 'module',
  'module' => 
  array (
    0 => 'phone',
    1 => 'wallet',
    2 => 'selfpackage',
  ),
)
[ info ] [ HEADER ] array (
  'cookie' => 'phone_user_name=mail; phone_user_id=62; phone_user_sign=%E6%9A%82%E6%97%A0; phone_user_avatar=%2Fpublic%2Fstatic%2Fcommon%2Fimages%2Fcommon.jpg; PHPSESSID=vuqlroei2n595fcf957siqvaod; is_mobile=1; user_id=62; is_distribut=1; uname=mail',
  'accept-language' => 'zh-CN,zh;q=0.9',
  'accept-encoding' => 'gzip, deflate',
  'referer' => 'http://im.blockhp.com/phone/index/index.html',
  'accept' => 'text/html,application/xhtml+xml,application/xml;q=0.9,image/webp,image/apng,*/*;q=0.8',
  'user-agent' => 'Mozilla/5.0 (iPhone; CPU iPhone OS 10_3 like Mac OS X) AppleWebKit/602.1.50 (KHTML, like Gecko) CriOS/56.0.2924.75 Mobile/14E5239e Safari/602.1',
  'upgrade-insecure-requests' => '1',
  'cache-control' => 'max-age=0',
  'connection' => 'keep-alive',
  'host' => 'im.blockhp.com',
  'content-type' => '',
  'content-length' => '',
)
[ info ] [ PARAM ] array (
)
[ info ] [ RUN ] app\phone\controller\Wallet->selfPackage[ /www/wwwroot/im.blockhp.com/application/phone/controller/Wallet.php ]
[ info ] [ DB ] INIT mysql
[ info ] [ DB ] INIT mysql
[ info ] [ VIEW ] /www/wwwroot/im.blockhp.com/application/phone/view/wallet/selfpackage.html [ array (
  0 => 'action',
  1 => 'socket_server',
  2 => 'nowCoinAddress',
  3 => 'openStatus',
) ]
[ info ] [ LOG ] INIT File
[ sql ] [ DB ] CONNECT:[ UseTime:0.000301s ] mysql:dbname=ichat_pro;host=localhost;port=3306;charset=utf8
[ sql ] [ SQL ] SHOW COLUMNS FROM `tp_chatuser` [ RunTime:0.000795s ]
[ sql ] [ SQL ] SELECT `eth_public_key` FROM `tp_chatuser` WHERE  `id` = 62 LIMIT 1 [ RunTime:0.000235s ]
[ sql ] [ DB ] CONNECT:[ UseTime:0.000160s ] mysql:dbname=ichat_pro;host=localhost;port=3306;charset=utf8
[ sql ] [ SQL ] SELECT `eth_public_key` FROM `tp_chatuser` WHERE  `id` = 62 LIMIT 1 [ RunTime:0.000149s ]
[ error ] [8]未定义变量: sys[/www/wwwroot/im.blockhp.com/runtime/temp/84c7c02c9ab8bb9b334b5b841bb0b1a7.php:6]
[ error ] [8]未定义变量: sys[/www/wwwroot/im.blockhp.com/runtime/temp/84c7c02c9ab8bb9b334b5b841bb0b1a7.php:7]
[ error ] [8]未定义变量: sys[/www/wwwroot/im.blockhp.com/runtime/temp/84c7c02c9ab8bb9b334b5b841bb0b1a7.php:8]
[ error ] [8]未定义变量: userInfo[/www/wwwroot/im.blockhp.com/runtime/temp/84c7c02c9ab8bb9b334b5b841bb0b1a7.php:323]

---------------------------------------------------------------
[ 2019-04-10T20:41:13+08:00 ] 172.24.149.137 221.231.70.184 GET /phone/wallet/selfpackage.html
[ log ] im.blockhp.com/phone/wallet/selfpackage.html [运行时间：0.027681s][吞吐率：36.13req/s] [内存消耗：2,767.48kb] [文件加载：57]
[ info ] [ LANG ] /www/wwwroot/im.blockhp.com/thinkphp/lang/zh-cn.php
[ info ] [ ROUTE ] array (
  'type' => 'module',
  'module' => 
  array (
    0 => 'phone',
    1 => 'wallet',
    2 => 'selfpackage',
  ),
)
[ info ] [ HEADER ] array (
  'cookie' => 'phone_user_name=mail; phone_user_id=62; phone_user_sign=%E6%9A%82%E6%97%A0; phone_user_avatar=%2Fpublic%2Fstatic%2Fcommon%2Fimages%2Fcommon.jpg; PHPSESSID=vuqlroei2n595fcf957siqvaod; is_mobile=1; user_id=62; is_distribut=1; uname=mail',
  'accept-language' => 'zh-CN,zh;q=0.9',
  'accept-encoding' => 'gzip, deflate',
  'referer' => 'http://im.blockhp.com/phone/index/index.html',
  'accept' => 'text/html,application/xhtml+xml,application/xml;q=0.9,image/webp,image/apng,*/*;q=0.8',
  'user-agent' => 'Mozilla/5.0 (iPhone; CPU iPhone OS 10_3 like Mac OS X) AppleWebKit/602.1.50 (KHTML, like Gecko) CriOS/56.0.2924.75 Mobile/14E5239e Safari/602.1',
  'upgrade-insecure-requests' => '1',
  'cache-control' => 'max-age=0',
  'connection' => 'keep-alive',
  'host' => 'im.blockhp.com',
  'content-type' => '',
  'content-length' => '',
)
[ info ] [ PARAM ] array (
)
[ info ] [ RUN ] app\phone\controller\Wallet->selfPackage[ /www/wwwroot/im.blockhp.com/application/phone/controller/Wallet.php ]
[ info ] [ DB ] INIT mysql
[ info ] [ DB ] INIT mysql
[ info ] [ VIEW ] /www/wwwroot/im.blockhp.com/application/phone/view/wallet/selfpackage.html [ array (
  0 => 'action',
  1 => 'socket_server',
  2 => 'nowCoinAddress',
  3 => 'openStatus',
) ]
[ info ] [ LOG ] INIT File
[ sql ] [ DB ] CONNECT:[ UseTime:0.000256s ] mysql:dbname=ichat_pro;host=localhost;port=3306;charset=utf8
[ sql ] [ SQL ] SHOW COLUMNS FROM `tp_chatuser` [ RunTime:0.000778s ]
[ sql ] [ SQL ] SELECT `eth_public_key` FROM `tp_chatuser` WHERE  `id` = 62 LIMIT 1 [ RunTime:0.000180s ]
[ sql ] [ DB ] CONNECT:[ UseTime:0.000172s ] mysql:dbname=ichat_pro;host=localhost;port=3306;charset=utf8
[ sql ] [ SQL ] SELECT `eth_public_key` FROM `tp_chatuser` WHERE  `id` = 62 LIMIT 1 [ RunTime:0.000138s ]
[ error ] [8]未定义变量: sys[/www/wwwroot/im.blockhp.com/runtime/temp/84c7c02c9ab8bb9b334b5b841bb0b1a7.php:6]
[ error ] [8]未定义变量: sys[/www/wwwroot/im.blockhp.com/runtime/temp/84c7c02c9ab8bb9b334b5b841bb0b1a7.php:7]
[ error ] [8]未定义变量: sys[/www/wwwroot/im.blockhp.com/runtime/temp/84c7c02c9ab8bb9b334b5b841bb0b1a7.php:8]
[ error ] [8]未定义变量: userInfo[/www/wwwroot/im.blockhp.com/runtime/temp/84c7c02c9ab8bb9b334b5b841bb0b1a7.php:323]

---------------------------------------------------------------
[ 2019-04-10T20:41:14+08:00 ] 172.24.149.137 221.231.70.184 GET /public/static/mobile/js/web3.js.map
[ log ] im.blockhp.com/public/static/mobile/js/web3.js.map [运行时间：0.020229s][吞吐率：49.43req/s] [内存消耗：1,797.18kb] [文件加载：40]
[ info ] [ LANG ] /www/wwwroot/im.blockhp.com/thinkphp/lang/zh-cn.php
[ info ] [ ROUTE ] array (
  'type' => 'module',
  'module' => 
  array (
    0 => 'public',
    1 => 'static',
    2 => 'mobile',
  ),
)
[ info ] [ HEADER ] array (
  'cookie' => 'phone_user_name=mail; phone_user_id=62; phone_user_sign=%E6%9A%82%E6%97%A0; phone_user_avatar=%2Fpublic%2Fstatic%2Fcommon%2Fimages%2Fcommon.jpg; PHPSESSID=vuqlroei2n595fcf957siqvaod; is_mobile=1; user_id=62; is_distribut=1; uname=mail',
  'accept-language' => 'zh-CN,zh;q=0.9',
  'accept-encoding' => 'gzip, deflate',
  'user-agent' => 'Mozilla/5.0 (iPhone; CPU iPhone OS 10_3 like Mac OS X) AppleWebKit/602.1.50 (KHTML, like Gecko) CriOS/56.0.2924.75 Mobile/14E5239e Safari/602.1',
  'connection' => 'keep-alive',
  'host' => 'im.blockhp.com',
  'content-type' => '',
  'content-length' => '',
)
[ info ] [ PARAM ] array (
  'js' => 'web3.js.map',
)
[ info ] [ LOG ] INIT File

---------------------------------------------------------------
[ 2019-04-10T20:41:18+08:00 ] 172.24.149.137 221.231.70.184 GET /phone/index/index.html
[ log ] im.blockhp.com/phone/index/index.html [运行时间：0.029661s][吞吐率：33.71req/s] [内存消耗：2,756.62kb] [文件加载：53]
[ info ] [ LANG ] /www/wwwroot/im.blockhp.com/thinkphp/lang/zh-cn.php
[ info ] [ ROUTE ] array (
  'type' => 'module',
  'module' => 
  array (
    0 => 'phone',
    1 => 'index',
    2 => 'index',
  ),
)
[ info ] [ HEADER ] array (
  'cookie' => 'phone_user_name=mail; phone_user_id=62; phone_user_sign=%E6%9A%82%E6%97%A0; phone_user_avatar=%2Fpublic%2Fstatic%2Fcommon%2Fimages%2Fcommon.jpg; PHPSESSID=vuqlroei2n595fcf957siqvaod; is_mobile=1; user_id=62; is_distribut=1; uname=mail',
  'accept-language' => 'zh-CN,zh;q=0.9',
  'accept-encoding' => 'gzip, deflate',
  'referer' => 'http://im.blockhp.com/phone/wallet/selfpackage.html',
  'accept' => 'text/html,application/xhtml+xml,application/xml;q=0.9,image/webp,image/apng,*/*;q=0.8',
  'user-agent' => 'Mozilla/5.0 (iPhone; CPU iPhone OS 10_3 like Mac OS X) AppleWebKit/602.1.50 (KHTML, like Gecko) CriOS/56.0.2924.75 Mobile/14E5239e Safari/602.1',
  'upgrade-insecure-requests' => '1',
  'connection' => 'keep-alive',
  'host' => 'im.blockhp.com',
  'content-type' => '',
  'content-length' => '',
)
[ info ] [ PARAM ] array (
)
[ info ] [ RUN ] app\phone\controller\Index->index[ /www/wwwroot/im.blockhp.com/application/phone/controller/Index.php ]
[ info ] [ DB ] INIT mysql
[ info ] [ DB ] INIT mysql
[ info ] [ DB ] INIT mysql
[ info ] [ VIEW ] /www/wwwroot/im.blockhp.com/application/phone/view/index/index.html [ array (
  0 => 'action',
  1 => 'socket_server',
  2 => 'userlist',
  3 => 'uinfo',
) ]
[ info ] [ LOG ] INIT File
[ sql ] [ DB ] CONNECT:[ UseTime:0.000294s ] mysql:dbname=ichat_pro;host=localhost;port=3306;charset=utf8
[ sql ] [ SQL ] SHOW COLUMNS FROM `tp_chatuser` [ RunTime:0.000794s ]
[ sql ] [ SQL ] SELECT * FROM `tp_chatuser` WHERE  `id` = 62 LIMIT 1 [ RunTime:0.000309s ]
[ sql ] [ DB ] CONNECT:[ UseTime:0.000183s ] mysql:dbname=ichat_pro;host=localhost;port=3306;charset=utf8
[ sql ] [ SQL ] SHOW COLUMNS FROM `tp_friends` [ RunTime:0.000495s ]
[ sql ] [ SQL ] SELECT `c`.`user_name`,`c`.`id`,`c`.`avatar`,`c`.`sign`,`c`.`status`,`f`.`group_id` FROM `tp_friends` `f` INNER JOIN `tp_chatuser` `c` ON `c`.`id`=`f`.`friend_id` WHERE  `f`.`user_id` = '62' [ RunTime:0.000260s ]
[ sql ] [ DB ] CONNECT:[ UseTime:0.000165s ] mysql:dbname=ichat_pro;host=localhost;port=3306;charset=utf8
[ sql ] [ SQL ] SHOW COLUMNS FROM `tp_groupdetail` [ RunTime:0.000458s ]
[ sql ] [ SQL ] SELECT c.group_name groupname,`c`.`id`,`c`.`avatar` FROM `tp_groupdetail` `j` INNER JOIN `tp_chatgroup` `c` ON `j`.`group_id`=`c`.`id` WHERE  `j`.`user_id` = '62' GROUP BY j.group_id [ RunTime:0.000160s ]

---------------------------------------------------------------
[ 2019-04-10T20:41:18+08:00 ] 172.24.149.137 221.231.70.184 GET /public/static/common/css/bootstrap.min.css.map
[ log ] im.blockhp.com/public/static/common/css/bootstrap.min.css.map [运行时间：0.019939s][吞吐率：50.15req/s] [内存消耗：1,797.22kb] [文件加载：40]
[ info ] [ LANG ] /www/wwwroot/im.blockhp.com/thinkphp/lang/zh-cn.php
[ info ] [ ROUTE ] array (
  'type' => 'module',
  'module' => 
  array (
    0 => 'public',
    1 => 'static',
    2 => 'common',
  ),
)
[ info ] [ HEADER ] array (
  'cookie' => 'phone_user_name=mail; phone_user_id=62; phone_user_sign=%E6%9A%82%E6%97%A0; phone_user_avatar=%2Fpublic%2Fstatic%2Fcommon%2Fimages%2Fcommon.jpg; PHPSESSID=vuqlroei2n595fcf957siqvaod; is_mobile=1; user_id=62; is_distribut=1; uname=mail',
  'accept-language' => 'zh-CN,zh;q=0.9',
  'accept-encoding' => 'gzip, deflate',
  'user-agent' => 'Mozilla/5.0 (iPhone; CPU iPhone OS 10_3 like Mac OS X) AppleWebKit/602.1.50 (KHTML, like Gecko) CriOS/56.0.2924.75 Mobile/14E5239e Safari/602.1',
  'connection' => 'keep-alive',
  'host' => 'im.blockhp.com',
  'content-type' => '',
  'content-length' => '',
)
[ info ] [ PARAM ] array (
  'css' => 'bootstrap.min.css.map',
)
[ info ] [ LOG ] INIT File

---------------------------------------------------------------
[ 2019-04-10T20:41:20+08:00 ] 172.24.149.137 221.231.70.184 GET /public/static/mobile/js/web3.js.map
[ log ] im.blockhp.com/public/static/mobile/js/web3.js.map [运行时间：0.020079s][吞吐率：49.80req/s] [内存消耗：1,797.18kb] [文件加载：40]
[ info ] [ LANG ] /www/wwwroot/im.blockhp.com/thinkphp/lang/zh-cn.php
[ info ] [ ROUTE ] array (
  'type' => 'module',
  'module' => 
  array (
    0 => 'public',
    1 => 'static',
    2 => 'mobile',
  ),
)
[ info ] [ HEADER ] array (
  'cookie' => 'phone_user_name=mail; phone_user_id=62; phone_user_sign=%E6%9A%82%E6%97%A0; phone_user_avatar=%2Fpublic%2Fstatic%2Fcommon%2Fimages%2Fcommon.jpg; PHPSESSID=vuqlroei2n595fcf957siqvaod; is_mobile=1; user_id=62; is_distribut=1; uname=mail',
  'accept-language' => 'zh-CN,zh;q=0.9',
  'accept-encoding' => 'gzip, deflate',
  'user-agent' => 'Mozilla/5.0 (iPhone; CPU iPhone OS 10_3 like Mac OS X) AppleWebKit/602.1.50 (KHTML, like Gecko) CriOS/56.0.2924.75 Mobile/14E5239e Safari/602.1',
  'connection' => 'keep-alive',
  'host' => 'im.blockhp.com',
  'content-type' => '',
  'content-length' => '',
)
[ info ] [ PARAM ] array (
  'js' => 'web3.js.map',
)
[ info ] [ LOG ] INIT File

---------------------------------------------------------------
[ 2019-04-10T20:41:50+08:00 ] 172.24.149.137 221.231.70.184 POST /phone/wallet/selfpackage.html
[ log ] im.blockhp.com/phone/wallet/selfpackage.html [运行时间：0.028823s][吞吐率：34.69req/s] [内存消耗：2,641.74kb] [文件加载：56]
[ info ] [ LANG ] /www/wwwroot/im.blockhp.com/thinkphp/lang/zh-cn.php
[ info ] [ ROUTE ] array (
  'type' => 'module',
  'module' => 
  array (
    0 => 'phone',
    1 => 'wallet',
    2 => 'selfpackage',
  ),
)
[ info ] [ HEADER ] array (
  'cookie' => 'phone_user_name=mail; phone_user_id=62; phone_user_sign=%E6%9A%82%E6%97%A0; phone_user_avatar=%2Fpublic%2Fstatic%2Fcommon%2Fimages%2Fcommon.jpg; PHPSESSID=vuqlroei2n595fcf957siqvaod; is_mobile=1; user_id=62; is_distribut=1; uname=mail',
  'accept-language' => 'zh-CN,zh;q=0.9',
  'accept-encoding' => 'gzip, deflate',
  'referer' => 'http://im.blockhp.com/phone/wallet/selfpackage.html',
  'content-type' => 'application/x-www-form-urlencoded; charset=UTF-8',
  'user-agent' => 'Mozilla/5.0 (iPhone; CPU iPhone OS 10_3 like Mac OS X) AppleWebKit/602.1.50 (KHTML, like Gecko) CriOS/56.0.2924.75 Mobile/14E5239e Safari/602.1',
  'x-requested-with' => 'XMLHttpRequest',
  'origin' => 'http://im.blockhp.com',
  'accept' => 'application/json, text/javascript, */*; q=0.01',
  'content-length' => '184',
  'connection' => 'keep-alive',
  'host' => 'im.blockhp.com',
)
[ info ] [ PARAM ] array (
  'package' => 'mywallet',
  'paypassword' => '123456',
  'surepaypassword' => '123456',
  'private' => '0x517a5b3a6a74edc2bb62854f4017e1cb2d9068ec34512be1d3338ed8477bcf4a',
  'address' => '0x1Dd1C765231C8c3959c4261f9f044fEAe248397d',
)
[ info ] [ RUN ] app\phone\controller\Wallet->selfPackage[ /www/wwwroot/im.blockhp.com/application/phone/controller/Wallet.php ]
[ info ] [ DB ] INIT mysql
[ info ] [ CACHE ] INIT File
[ info ] [ LOG ] INIT File
[ sql ] [ DB ] CONNECT:[ UseTime:0.000320s ] mysql:dbname=ichat_pro;host=localhost;port=3306;charset=utf8
[ sql ] [ SQL ] SHOW COLUMNS FROM `tp_chatuser` [ RunTime:0.000778s ]
[ sql ] [ SQL ] UPDATE `tp_chatuser`  SET `wallet_name`='mywallet',`wallet_password`='e10adc3949ba59abbe56e057f20f883e',`bhp_public_key`='0x1Dd1C765231C8c3959c4261f9f044fEAe248397d',`bhp_private_key`='0x517a5b3a6a74edc2bb62854f4017e1cb2d9068ec34512be1d3338ed8477bcf4a',`eth_public_key`='0x1Dd1C765231C8c3959c4261f9f044fEAe248397d',`eth_private_key`='0x517a5b3a6a74edc2bb62854f4017e1cb2d9068ec34512be1d3338ed8477bcf4a',`usdt_public_key`='0x1Dd1C765231C8c3959c4261f9f044fEAe248397d',`usdt_private_key`='0x517a5b3a6a74edc2bb62854f4017e1cb2d9068ec34512be1d3338ed8477bcf4a'  WHERE  `id` = 62 [ RunTime:0.000354s ]

---------------------------------------------------------------
[ 2019-04-10T20:41:52+08:00 ] 172.24.149.137 221.231.70.184 GET /Phone/Wallet/index.html
[ log ] im.blockhp.com/Phone/Wallet/index.html [运行时间：1.124373s][吞吐率：0.89req/s] [内存消耗：2,896.50kb] [文件加载：57]
[ info ] [ LANG ] /www/wwwroot/im.blockhp.com/thinkphp/lang/zh-cn.php
[ info ] [ ROUTE ] array (
  'type' => 'module',
  'module' => 
  array (
    0 => 'Phone',
    1 => 'Wallet',
    2 => 'index',
  ),
)
[ info ] [ HEADER ] array (
  'cookie' => 'phone_user_name=mail; phone_user_id=62; phone_user_sign=%E6%9A%82%E6%97%A0; phone_user_avatar=%2Fpublic%2Fstatic%2Fcommon%2Fimages%2Fcommon.jpg; PHPSESSID=vuqlroei2n595fcf957siqvaod; is_mobile=1; user_id=62; is_distribut=1; uname=mail',
  'accept-language' => 'zh-CN,zh;q=0.9',
  'accept-encoding' => 'gzip, deflate',
  'referer' => 'http://im.blockhp.com/phone/wallet/selfpackage.html',
  'accept' => 'text/html,application/xhtml+xml,application/xml;q=0.9,image/webp,image/apng,*/*;q=0.8',
  'user-agent' => 'Mozilla/5.0 (iPhone; CPU iPhone OS 10_3 like Mac OS X) AppleWebKit/602.1.50 (KHTML, like Gecko) CriOS/56.0.2924.75 Mobile/14E5239e Safari/602.1',
  'upgrade-insecure-requests' => '1',
  'connection' => 'keep-alive',
  'host' => 'im.blockhp.com',
  'content-type' => '',
  'content-length' => '',
)
[ info ] [ PARAM ] array (
)
[ info ] [ RUN ] app\phone\controller\Wallet->index[ /www/wwwroot/im.blockhp.com/application/phone/controller/Wallet.php ]
[ info ] [ DB ] INIT mysql
[ info ] [ DB ] INIT mysql
[ info ] [ DB ] INIT mysql
[ info ] [ DB ] INIT mysql
[ info ] [ VIEW ] /www/wwwroot/im.blockhp.com/application/phone/view/wallet/index.html [ array (
  0 => 'action',
  1 => 'socket_server',
  2 => 'userInfo',
) ]
[ info ] [ LOG ] INIT File
[ sql ] [ DB ] CONNECT:[ UseTime:0.000288s ] mysql:dbname=ichat_pro;host=localhost;port=3306;charset=utf8
[ sql ] [ SQL ] SHOW COLUMNS FROM `tp_chatuser` [ RunTime:0.002335s ]
[ sql ] [ SQL ] SELECT `eth_lst`,`bhp_lst`,`usdt_lst`,`eth_public_key`,`bhp_public_key`,`usdt_public_key` FROM `tp_chatuser` WHERE  `id` = 62 LIMIT 1 [ RunTime:0.000272s ]
[ sql ] [ DB ] CONNECT:[ UseTime:0.000171s ] mysql:dbname=ichat_pro;host=localhost;port=3306;charset=utf8
[ sql ] [ SQL ] SELECT `eth_public_key` FROM `tp_chatuser` WHERE  `id` = 62 LIMIT 1 [ RunTime:0.000202s ]
[ sql ] [ DB ] CONNECT:[ UseTime:0.000278s ] mysql:dbname=ichat_pro;host=localhost;port=3306;charset=utf8
[ sql ] [ SQL ] SELECT `bhp_public_key` FROM `tp_chatuser` WHERE  `id` = 62 LIMIT 1 [ RunTime:0.000389s ]
[ sql ] [ DB ] CONNECT:[ UseTime:0.000300s ] mysql:dbname=ichat_pro;host=localhost;port=3306;charset=utf8
[ sql ] [ SQL ] SELECT `usdt_public_key` FROM `tp_chatuser` WHERE  `id` = 62 LIMIT 1 [ RunTime:0.000375s ]
[ error ] [8]未定义变量: sys[/www/wwwroot/im.blockhp.com/runtime/temp/20d031a8d922fb4caaa019b3eadb1b03.php:6]
[ error ] [8]未定义变量: sys[/www/wwwroot/im.blockhp.com/runtime/temp/20d031a8d922fb4caaa019b3eadb1b03.php:7]
[ error ] [8]未定义变量: sys[/www/wwwroot/im.blockhp.com/runtime/temp/20d031a8d922fb4caaa019b3eadb1b03.php:8]

---------------------------------------------------------------
[ 2019-04-10T20:41:53+08:00 ] 172.24.149.137 221.231.70.184 GET /public/static/mobile/js/web3.js.map
[ log ] im.blockhp.com/public/static/mobile/js/web3.js.map [运行时间：0.020131s][吞吐率：49.67req/s] [内存消耗：1,797.18kb] [文件加载：40]
[ info ] [ LANG ] /www/wwwroot/im.blockhp.com/thinkphp/lang/zh-cn.php
[ info ] [ ROUTE ] array (
  'type' => 'module',
  'module' => 
  array (
    0 => 'public',
    1 => 'static',
    2 => 'mobile',
  ),
)
[ info ] [ HEADER ] array (
  'cookie' => 'phone_user_name=mail; phone_user_id=62; phone_user_sign=%E6%9A%82%E6%97%A0; phone_user_avatar=%2Fpublic%2Fstatic%2Fcommon%2Fimages%2Fcommon.jpg; PHPSESSID=vuqlroei2n595fcf957siqvaod; is_mobile=1; user_id=62; is_distribut=1; uname=mail',
  'accept-language' => 'zh-CN,zh;q=0.9',
  'accept-encoding' => 'gzip, deflate',
  'user-agent' => 'Mozilla/5.0 (iPhone; CPU iPhone OS 10_3 like Mac OS X) AppleWebKit/602.1.50 (KHTML, like Gecko) CriOS/56.0.2924.75 Mobile/14E5239e Safari/602.1',
  'connection' => 'keep-alive',
  'host' => 'im.blockhp.com',
  'content-type' => '',
  'content-length' => '',
)
[ info ] [ PARAM ] array (
  'js' => 'web3.js.map',
)
[ info ] [ LOG ] INIT File

---------------------------------------------------------------
[ 2019-04-10T20:42:03+08:00 ] 172.24.149.137 221.231.70.184 GET /phone/wallet/coinshow.html?coin=bhp
[ log ] im.blockhp.com/phone/wallet/coinshow.html?coin=bhp [运行时间：0.031395s][吞吐率：31.85req/s] [内存消耗：2,930.26kb] [文件加载：61]
[ info ] [ LANG ] /www/wwwroot/im.blockhp.com/thinkphp/lang/zh-cn.php
[ info ] [ ROUTE ] array (
  'type' => 'module',
  'module' => 
  array (
    0 => 'phone',
    1 => 'wallet',
    2 => 'coinshow',
  ),
)
[ info ] [ HEADER ] array (
  'cookie' => 'phone_user_name=mail; phone_user_id=62; phone_user_sign=%E6%9A%82%E6%97%A0; phone_user_avatar=%2Fpublic%2Fstatic%2Fcommon%2Fimages%2Fcommon.jpg; PHPSESSID=vuqlroei2n595fcf957siqvaod; is_mobile=1; user_id=62; is_distribut=1; uname=mail',
  'accept-language' => 'zh-CN,zh;q=0.9',
  'accept-encoding' => 'gzip, deflate',
  'referer' => 'http://im.blockhp.com/Phone/Wallet/index.html',
  'accept' => 'text/html,application/xhtml+xml,application/xml;q=0.9,image/webp,image/apng,*/*;q=0.8',
  'user-agent' => 'Mozilla/5.0 (iPhone; CPU iPhone OS 10_3 like Mac OS X) AppleWebKit/602.1.50 (KHTML, like Gecko) CriOS/56.0.2924.75 Mobile/14E5239e Safari/602.1',
  'upgrade-insecure-requests' => '1',
  'connection' => 'keep-alive',
  'host' => 'im.blockhp.com',
  'content-type' => '',
  'content-length' => '',
)
[ info ] [ PARAM ] array (
  'coin' => 'bhp',
)
[ info ] [ RUN ] app\phone\controller\Wallet->CoinShow[ /www/wwwroot/im.blockhp.com/application/phone/controller/Wallet.php ]
[ info ] [ DB ] INIT mysql
[ info ] [ DB ] INIT mysql
[ info ] [ VIEW ] /www/wwwroot/im.blockhp.com/application/phone/view/wallet/coinshow.html [ array (
  0 => 'action',
  1 => 'socket_server',
  2 => 'coiName',
  3 => 'coinAddress',
  4 => 'list',
  5 => 'page',
) ]
[ info ] [ LOG ] INIT File
[ sql ] [ DB ] CONNECT:[ UseTime:0.000338s ] mysql:dbname=ichat_pro;host=localhost;port=3306;charset=utf8
[ sql ] [ SQL ] SHOW COLUMNS FROM `tp_chatuser` [ RunTime:0.000787s ]
[ sql ] [ SQL ] SELECT `bhp_public_key` FROM `tp_chatuser` WHERE  `id` = 62 LIMIT 1 [ RunTime:0.000193s ]
[ sql ] [ DB ] CONNECT:[ UseTime:0.000193s ] mysql:dbname=ichat_pro;host=localhost;port=3306;charset=utf8
[ sql ] [ SQL ] SHOW COLUMNS FROM `tp_turn_out_log` [ RunTime:0.000563s ]
[ sql ] [ SQL ] SELECT COUNT(*) AS tp_count FROM `tp_turn_out_log` WHERE  `out_u_id` = 62  AND `coin_type` = 'bhp' LIMIT 1 [ RunTime:0.000253s ]
[ sql ] [ SQL ] SELECT * FROM `tp_turn_out_log` WHERE  `out_u_id` = 62  AND `coin_type` = 'bhp' ORDER BY create_time desc LIMIT 0,6 [ RunTime:0.000271s ]
[ error ] [8]未定义变量: sys[/www/wwwroot/im.blockhp.com/runtime/temp/a7be7fc05b90230f23f6418c6496a457.php:6]
[ error ] [8]未定义变量: sys[/www/wwwroot/im.blockhp.com/runtime/temp/a7be7fc05b90230f23f6418c6496a457.php:7]
[ error ] [8]未定义变量: sys[/www/wwwroot/im.blockhp.com/runtime/temp/a7be7fc05b90230f23f6418c6496a457.php:8]

---------------------------------------------------------------
[ 2019-04-10T20:42:03+08:00 ] 172.24.149.137 221.231.70.184 GET /public/static/mobile/js/web3.js.map
[ log ] im.blockhp.com/public/static/mobile/js/web3.js.map [运行时间：0.019297s][吞吐率：51.82req/s] [内存消耗：1,797.18kb] [文件加载：40]
[ info ] [ LANG ] /www/wwwroot/im.blockhp.com/thinkphp/lang/zh-cn.php
[ info ] [ ROUTE ] array (
  'type' => 'module',
  'module' => 
  array (
    0 => 'public',
    1 => 'static',
    2 => 'mobile',
  ),
)
[ info ] [ HEADER ] array (
  'cookie' => 'phone_user_name=mail; phone_user_id=62; phone_user_sign=%E6%9A%82%E6%97%A0; phone_user_avatar=%2Fpublic%2Fstatic%2Fcommon%2Fimages%2Fcommon.jpg; PHPSESSID=vuqlroei2n595fcf957siqvaod; is_mobile=1; user_id=62; is_distribut=1; uname=mail',
  'accept-language' => 'zh-CN,zh;q=0.9',
  'accept-encoding' => 'gzip, deflate',
  'user-agent' => 'Mozilla/5.0 (iPhone; CPU iPhone OS 10_3 like Mac OS X) AppleWebKit/602.1.50 (KHTML, like Gecko) CriOS/56.0.2924.75 Mobile/14E5239e Safari/602.1',
  'connection' => 'keep-alive',
  'host' => 'im.blockhp.com',
  'content-type' => '',
  'content-length' => '',
)
[ info ] [ PARAM ] array (
  'js' => 'web3.js.map',
)
[ info ] [ LOG ] INIT File

---------------------------------------------------------------
[ 2019-04-10T20:42:08+08:00 ] 172.24.149.137 221.231.70.184 GET /phone/wallet/trade.html?coin=bhp
[ log ] im.blockhp.com/phone/wallet/trade.html?coin=bhp [运行时间：0.032178s][吞吐率：31.08req/s] [内存消耗：3,022.16kb] [文件加载：59]
[ info ] [ LANG ] /www/wwwroot/im.blockhp.com/thinkphp/lang/zh-cn.php
[ info ] [ ROUTE ] array (
  'type' => 'module',
  'module' => 
  array (
    0 => 'phone',
    1 => 'wallet',
    2 => 'trade',
  ),
)
[ info ] [ HEADER ] array (
  'cookie' => 'phone_user_name=mail; phone_user_id=62; phone_user_sign=%E6%9A%82%E6%97%A0; phone_user_avatar=%2Fpublic%2Fstatic%2Fcommon%2Fimages%2Fcommon.jpg; PHPSESSID=vuqlroei2n595fcf957siqvaod; is_mobile=1; user_id=62; is_distribut=1; uname=mail',
  'accept-language' => 'zh-CN,zh;q=0.9',
  'accept-encoding' => 'gzip, deflate',
  'referer' => 'http://im.blockhp.com/phone/wallet/coinshow.html?coin=bhp',
  'accept' => 'text/html,application/xhtml+xml,application/xml;q=0.9,image/webp,image/apng,*/*;q=0.8',
  'user-agent' => 'Mozilla/5.0 (iPhone; CPU iPhone OS 10_3 like Mac OS X) AppleWebKit/602.1.50 (KHTML, like Gecko) CriOS/56.0.2924.75 Mobile/14E5239e Safari/602.1',
  'upgrade-insecure-requests' => '1',
  'connection' => 'keep-alive',
  'host' => 'im.blockhp.com',
  'content-type' => '',
  'content-length' => '',
)
[ info ] [ PARAM ] array (
  'coin' => 'bhp',
)
[ info ] [ RUN ] app\phone\controller\Wallet->trade[ /www/wwwroot/im.blockhp.com/application/phone/controller/Wallet.php ]
[ info ] [ DB ] INIT mysql
[ info ] [ VIEW ] /www/wwwroot/im.blockhp.com/application/phone/view/wallet/trade.html [ array (
  0 => 'action',
  1 => 'socket_server',
  2 => 'coiName',
  3 => 'coinAddress',
  4 => 'coinPrivatekey',
) ]
[ info ] [ LOG ] INIT File
[ sql ] [ DB ] CONNECT:[ UseTime:0.000270s ] mysql:dbname=ichat_pro;host=localhost;port=3306;charset=utf8
[ sql ] [ SQL ] SHOW COLUMNS FROM `tp_chatuser` [ RunTime:0.000777s ]
[ sql ] [ SQL ] SELECT `bhp_public_key`,`bhp_private_key` FROM `tp_chatuser` WHERE  `id` = 62 LIMIT 1 [ RunTime:0.000256s ]
[ error ] [8]未定义变量: sys[/www/wwwroot/im.blockhp.com/runtime/temp/221aa74dc850568724c0574a056dea23.php:6]
[ error ] [8]未定义变量: sys[/www/wwwroot/im.blockhp.com/runtime/temp/221aa74dc850568724c0574a056dea23.php:7]
[ error ] [8]未定义变量: sys[/www/wwwroot/im.blockhp.com/runtime/temp/221aa74dc850568724c0574a056dea23.php:8]

---------------------------------------------------------------
[ 2019-04-10T20:42:08+08:00 ] 172.24.149.137 221.231.70.184 GET /public/static/mobile/js/web3.js.map
[ log ] im.blockhp.com/public/static/mobile/js/web3.js.map [运行时间：0.019979s][吞吐率：50.05req/s] [内存消耗：1,797.18kb] [文件加载：40]
[ info ] [ LANG ] /www/wwwroot/im.blockhp.com/thinkphp/lang/zh-cn.php
[ info ] [ ROUTE ] array (
  'type' => 'module',
  'module' => 
  array (
    0 => 'public',
    1 => 'static',
    2 => 'mobile',
  ),
)
[ info ] [ HEADER ] array (
  'cookie' => 'phone_user_name=mail; phone_user_id=62; phone_user_sign=%E6%9A%82%E6%97%A0; phone_user_avatar=%2Fpublic%2Fstatic%2Fcommon%2Fimages%2Fcommon.jpg; PHPSESSID=vuqlroei2n595fcf957siqvaod; is_mobile=1; user_id=62; is_distribut=1; uname=mail',
  'accept-language' => 'zh-CN,zh;q=0.9',
  'accept-encoding' => 'gzip, deflate',
  'user-agent' => 'Mozilla/5.0 (iPhone; CPU iPhone OS 10_3 like Mac OS X) AppleWebKit/602.1.50 (KHTML, like Gecko) CriOS/56.0.2924.75 Mobile/14E5239e Safari/602.1',
  'connection' => 'keep-alive',
  'host' => 'im.blockhp.com',
  'content-type' => '',
  'content-length' => '',
)
[ info ] [ PARAM ] array (
  'js' => 'web3.js.map',
)
[ info ] [ LOG ] INIT File

---------------------------------------------------------------
[ 2019-04-10T20:42:13+08:00 ] 172.24.149.137 221.231.70.184 GET /public/static/mobile/js/web3.js.map
[ log ] im.blockhp.com/public/static/mobile/js/web3.js.map [运行时间：0.045419s][吞吐率：22.02req/s] [内存消耗：1,797.18kb] [文件加载：40]
[ info ] [ LANG ] /www/wwwroot/im.blockhp.com/thinkphp/lang/zh-cn.php
[ info ] [ ROUTE ] array (
  'type' => 'module',
  'module' => 
  array (
    0 => 'public',
    1 => 'static',
    2 => 'mobile',
  ),
)
[ info ] [ HEADER ] array (
  'cookie' => 'phone_user_name=mail; phone_user_id=62; phone_user_sign=%E6%9A%82%E6%97%A0; phone_user_avatar=%2Fpublic%2Fstatic%2Fcommon%2Fimages%2Fcommon.jpg; PHPSESSID=vuqlroei2n595fcf957siqvaod; is_mobile=1; user_id=62; is_distribut=1; uname=mail',
  'accept-language' => 'zh-CN,zh;q=0.9',
  'accept-encoding' => 'gzip, deflate',
  'user-agent' => 'Mozilla/5.0 (iPhone; CPU iPhone OS 10_3 like Mac OS X) AppleWebKit/602.1.50 (KHTML, like Gecko) CriOS/56.0.2924.75 Mobile/14E5239e Safari/602.1',
  'connection' => 'keep-alive',
  'host' => 'im.blockhp.com',
  'content-type' => '',
  'content-length' => '',
)
[ info ] [ PARAM ] array (
  'js' => 'web3.js.map',
)
[ info ] [ LOG ] INIT File

---------------------------------------------------------------
[ 2019-04-10T20:42:15+08:00 ] 172.24.149.137 221.231.70.184 GET /phone/wallet/selfpackage.html?coin=bhp
[ log ] im.blockhp.com/phone/wallet/selfpackage.html?coin=bhp [运行时间：0.028813s][吞吐率：34.71req/s] [内存消耗：2,768.60kb] [文件加载：57]
[ info ] [ LANG ] /www/wwwroot/im.blockhp.com/thinkphp/lang/zh-cn.php
[ info ] [ ROUTE ] array (
  'type' => 'module',
  'module' => 
  array (
    0 => 'phone',
    1 => 'wallet',
    2 => 'selfpackage',
  ),
)
[ info ] [ HEADER ] array (
  'cookie' => 'phone_user_name=mail; phone_user_id=62; phone_user_sign=%E6%9A%82%E6%97%A0; phone_user_avatar=%2Fpublic%2Fstatic%2Fcommon%2Fimages%2Fcommon.jpg; PHPSESSID=vuqlroei2n595fcf957siqvaod; is_mobile=1; user_id=62; is_distribut=1; uname=mail',
  'accept-language' => 'zh-CN,zh;q=0.9',
  'accept-encoding' => 'gzip, deflate',
  'referer' => 'http://im.blockhp.com/phone/wallet/coinshow.html?coin=bhp',
  'accept' => 'text/html,application/xhtml+xml,application/xml;q=0.9,image/webp,image/apng,*/*;q=0.8',
  'user-agent' => 'Mozilla/5.0 (iPhone; CPU iPhone OS 10_3 like Mac OS X) AppleWebKit/602.1.50 (KHTML, like Gecko) CriOS/56.0.2924.75 Mobile/14E5239e Safari/602.1',
  'upgrade-insecure-requests' => '1',
  'connection' => 'keep-alive',
  'host' => 'im.blockhp.com',
  'content-type' => '',
  'content-length' => '',
)
[ info ] [ PARAM ] array (
  'coin' => 'bhp',
)
[ info ] [ RUN ] app\phone\controller\Wallet->selfPackage[ /www/wwwroot/im.blockhp.com/application/phone/controller/Wallet.php ]
[ info ] [ DB ] INIT mysql
[ info ] [ DB ] INIT mysql
[ info ] [ VIEW ] /www/wwwroot/im.blockhp.com/application/phone/view/wallet/selfpackage.html [ array (
  0 => 'action',
  1 => 'socket_server',
  2 => 'nowCoinAddress',
  3 => 'openStatus',
) ]
[ info ] [ LOG ] INIT File
[ sql ] [ DB ] CONNECT:[ UseTime:0.000289s ] mysql:dbname=ichat_pro;host=localhost;port=3306;charset=utf8
[ sql ] [ SQL ] SHOW COLUMNS FROM `tp_chatuser` [ RunTime:0.000780s ]
[ sql ] [ SQL ] SELECT `eth_public_key` FROM `tp_chatuser` WHERE  `id` = 62 LIMIT 1 [ RunTime:0.000170s ]
[ sql ] [ DB ] CONNECT:[ UseTime:0.000167s ] mysql:dbname=ichat_pro;host=localhost;port=3306;charset=utf8
[ sql ] [ SQL ] SELECT `bhp_public_key` FROM `tp_chatuser` WHERE  `id` = 62 LIMIT 1 [ RunTime:0.000145s ]
[ error ] [8]未定义变量: sys[/www/wwwroot/im.blockhp.com/runtime/temp/84c7c02c9ab8bb9b334b5b841bb0b1a7.php:6]
[ error ] [8]未定义变量: sys[/www/wwwroot/im.blockhp.com/runtime/temp/84c7c02c9ab8bb9b334b5b841bb0b1a7.php:7]
[ error ] [8]未定义变量: sys[/www/wwwroot/im.blockhp.com/runtime/temp/84c7c02c9ab8bb9b334b5b841bb0b1a7.php:8]
[ error ] [8]未定义变量: userInfo[/www/wwwroot/im.blockhp.com/runtime/temp/84c7c02c9ab8bb9b334b5b841bb0b1a7.php:323]

---------------------------------------------------------------
[ 2019-04-10T20:42:16+08:00 ] 172.24.149.137 221.231.70.184 GET /public/static/mobile/js/web3.js.map
[ log ] im.blockhp.com/public/static/mobile/js/web3.js.map [运行时间：0.019918s][吞吐率：50.21req/s] [内存消耗：1,797.18kb] [文件加载：40]
[ info ] [ LANG ] /www/wwwroot/im.blockhp.com/thinkphp/lang/zh-cn.php
[ info ] [ ROUTE ] array (
  'type' => 'module',
  'module' => 
  array (
    0 => 'public',
    1 => 'static',
    2 => 'mobile',
  ),
)
[ info ] [ HEADER ] array (
  'cookie' => 'phone_user_name=mail; phone_user_id=62; phone_user_sign=%E6%9A%82%E6%97%A0; phone_user_avatar=%2Fpublic%2Fstatic%2Fcommon%2Fimages%2Fcommon.jpg; PHPSESSID=vuqlroei2n595fcf957siqvaod; is_mobile=1; user_id=62; is_distribut=1; uname=mail',
  'accept-language' => 'zh-CN,zh;q=0.9',
  'accept-encoding' => 'gzip, deflate',
  'user-agent' => 'Mozilla/5.0 (iPhone; CPU iPhone OS 10_3 like Mac OS X) AppleWebKit/602.1.50 (KHTML, like Gecko) CriOS/56.0.2924.75 Mobile/14E5239e Safari/602.1',
  'connection' => 'keep-alive',
  'host' => 'im.blockhp.com',
  'content-type' => '',
  'content-length' => '',
)
[ info ] [ PARAM ] array (
  'js' => 'web3.js.map',
)
[ info ] [ LOG ] INIT File

---------------------------------------------------------------
[ 2019-04-10T20:44:34+08:00 ] 172.24.149.137 221.231.70.184 GET /public/static/mobile/js/web3.js.map
[ log ] im.blockhp.com/public/static/mobile/js/web3.js.map [运行时间：0.020119s][吞吐率：49.70req/s] [内存消耗：1,797.18kb] [文件加载：40]
[ info ] [ LANG ] /www/wwwroot/im.blockhp.com/thinkphp/lang/zh-cn.php
[ info ] [ ROUTE ] array (
  'type' => 'module',
  'module' => 
  array (
    0 => 'public',
    1 => 'static',
    2 => 'mobile',
  ),
)
[ info ] [ HEADER ] array (
  'cookie' => 'phone_user_name=mail; phone_user_id=62; phone_user_sign=%E6%9A%82%E6%97%A0; phone_user_avatar=%2Fpublic%2Fstatic%2Fcommon%2Fimages%2Fcommon.jpg; PHPSESSID=vuqlroei2n595fcf957siqvaod; is_mobile=1; user_id=62; is_distribut=1; uname=mail',
  'accept-language' => 'zh-CN,zh;q=0.9',
  'accept-encoding' => 'gzip, deflate',
  'user-agent' => 'Mozilla/5.0 (iPhone; CPU iPhone OS 10_3 like Mac OS X) AppleWebKit/602.1.50 (KHTML, like Gecko) CriOS/56.0.2924.75 Mobile/14E5239e Safari/602.1',
  'connection' => 'keep-alive',
  'host' => 'im.blockhp.com',
  'content-type' => '',
  'content-length' => '',
)
[ info ] [ PARAM ] array (
  'js' => 'web3.js.map',
)
[ info ] [ LOG ] INIT File

---------------------------------------------------------------
[ 2019-04-10T20:44:35+08:00 ] 172.24.149.137 221.231.70.184 GET /public/static/mobile/js/web3.js.map
[ log ] im.blockhp.com/public/static/mobile/js/web3.js.map [运行时间：0.019481s][吞吐率：51.33req/s] [内存消耗：1,797.18kb] [文件加载：40]
[ info ] [ LANG ] /www/wwwroot/im.blockhp.com/thinkphp/lang/zh-cn.php
[ info ] [ ROUTE ] array (
  'type' => 'module',
  'module' => 
  array (
    0 => 'public',
    1 => 'static',
    2 => 'mobile',
  ),
)
[ info ] [ HEADER ] array (
  'cookie' => 'phone_user_name=mail; phone_user_id=62; phone_user_sign=%E6%9A%82%E6%97%A0; phone_user_avatar=%2Fpublic%2Fstatic%2Fcommon%2Fimages%2Fcommon.jpg; PHPSESSID=vuqlroei2n595fcf957siqvaod; is_mobile=1; user_id=62; is_distribut=1; uname=mail',
  'accept-language' => 'zh-CN,zh;q=0.9',
  'accept-encoding' => 'gzip, deflate',
  'user-agent' => 'Mozilla/5.0 (iPhone; CPU iPhone OS 10_3 like Mac OS X) AppleWebKit/602.1.50 (KHTML, like Gecko) CriOS/56.0.2924.75 Mobile/14E5239e Safari/602.1',
  'connection' => 'keep-alive',
  'host' => 'im.blockhp.com',
  'content-type' => '',
  'content-length' => '',
)
[ info ] [ PARAM ] array (
  'js' => 'web3.js.map',
)
[ info ] [ LOG ] INIT File

---------------------------------------------------------------
[ 2019-04-10T20:44:36+08:00 ] 172.24.149.137 221.231.70.184 GET /phone/wallet/selfpackage.html
[ log ] im.blockhp.com/phone/wallet/selfpackage.html [运行时间：0.030015s][吞吐率：33.32req/s] [内存消耗：2,767.59kb] [文件加载：57]
[ info ] [ LANG ] /www/wwwroot/im.blockhp.com/thinkphp/lang/zh-cn.php
[ info ] [ ROUTE ] array (
  'type' => 'module',
  'module' => 
  array (
    0 => 'phone',
    1 => 'wallet',
    2 => 'selfpackage',
  ),
)
[ info ] [ HEADER ] array (
  'cookie' => 'phone_user_name=mail; phone_user_id=62; phone_user_sign=%E6%9A%82%E6%97%A0; phone_user_avatar=%2Fpublic%2Fstatic%2Fcommon%2Fimages%2Fcommon.jpg; PHPSESSID=vuqlroei2n595fcf957siqvaod; is_mobile=1; user_id=62; is_distribut=1; uname=mail',
  'accept-language' => 'zh-CN,zh;q=0.9',
  'accept-encoding' => 'gzip, deflate',
  'referer' => 'http://im.blockhp.com/phone/index/index.html',
  'accept' => 'text/html,application/xhtml+xml,application/xml;q=0.9,image/webp,image/apng,*/*;q=0.8',
  'user-agent' => 'Mozilla/5.0 (iPhone; CPU iPhone OS 10_3 like Mac OS X) AppleWebKit/602.1.50 (KHTML, like Gecko) CriOS/56.0.2924.75 Mobile/14E5239e Safari/602.1',
  'upgrade-insecure-requests' => '1',
  'connection' => 'keep-alive',
  'host' => 'im.blockhp.com',
  'content-type' => '',
  'content-length' => '',
)
[ info ] [ PARAM ] array (
)
[ info ] [ RUN ] app\phone\controller\Wallet->selfPackage[ /www/wwwroot/im.blockhp.com/application/phone/controller/Wallet.php ]
[ info ] [ DB ] INIT mysql
[ info ] [ DB ] INIT mysql
[ info ] [ VIEW ] /www/wwwroot/im.blockhp.com/application/phone/view/wallet/selfpackage.html [ array (
  0 => 'action',
  1 => 'socket_server',
  2 => 'nowCoinAddress',
  3 => 'openStatus',
) ]
[ info ] [ LOG ] INIT File
[ sql ] [ DB ] CONNECT:[ UseTime:0.000304s ] mysql:dbname=ichat_pro;host=localhost;port=3306;charset=utf8
[ sql ] [ SQL ] SHOW COLUMNS FROM `tp_chatuser` [ RunTime:0.001908s ]
[ sql ] [ SQL ] SELECT `eth_public_key` FROM `tp_chatuser` WHERE  `id` = 62 LIMIT 1 [ RunTime:0.000194s ]
[ sql ] [ DB ] CONNECT:[ UseTime:0.000167s ] mysql:dbname=ichat_pro;host=localhost;port=3306;charset=utf8
[ sql ] [ SQL ] SELECT `eth_public_key` FROM `tp_chatuser` WHERE  `id` = 62 LIMIT 1 [ RunTime:0.000142s ]
[ error ] [8]未定义变量: sys[/www/wwwroot/im.blockhp.com/runtime/temp/84c7c02c9ab8bb9b334b5b841bb0b1a7.php:6]
[ error ] [8]未定义变量: sys[/www/wwwroot/im.blockhp.com/runtime/temp/84c7c02c9ab8bb9b334b5b841bb0b1a7.php:7]
[ error ] [8]未定义变量: sys[/www/wwwroot/im.blockhp.com/runtime/temp/84c7c02c9ab8bb9b334b5b841bb0b1a7.php:8]
[ error ] [8]未定义变量: userInfo[/www/wwwroot/im.blockhp.com/runtime/temp/84c7c02c9ab8bb9b334b5b841bb0b1a7.php:323]

---------------------------------------------------------------
[ 2019-04-10T20:44:36+08:00 ] 172.24.149.137 221.231.70.184 GET /public/static/mobile/js/web3.js.map
[ log ] im.blockhp.com/public/static/mobile/js/web3.js.map [运行时间：0.019974s][吞吐率：50.07req/s] [内存消耗：1,797.18kb] [文件加载：40]
[ info ] [ LANG ] /www/wwwroot/im.blockhp.com/thinkphp/lang/zh-cn.php
[ info ] [ ROUTE ] array (
  'type' => 'module',
  'module' => 
  array (
    0 => 'public',
    1 => 'static',
    2 => 'mobile',
  ),
)
[ info ] [ HEADER ] array (
  'cookie' => 'phone_user_name=mail; phone_user_id=62; phone_user_sign=%E6%9A%82%E6%97%A0; phone_user_avatar=%2Fpublic%2Fstatic%2Fcommon%2Fimages%2Fcommon.jpg; PHPSESSID=vuqlroei2n595fcf957siqvaod; is_mobile=1; user_id=62; is_distribut=1; uname=mail',
  'accept-language' => 'zh-CN,zh;q=0.9',
  'accept-encoding' => 'gzip, deflate',
  'user-agent' => 'Mozilla/5.0 (iPhone; CPU iPhone OS 10_3 like Mac OS X) AppleWebKit/602.1.50 (KHTML, like Gecko) CriOS/56.0.2924.75 Mobile/14E5239e Safari/602.1',
  'connection' => 'keep-alive',
  'host' => 'im.blockhp.com',
  'content-type' => '',
  'content-length' => '',
)
[ info ] [ PARAM ] array (
  'js' => 'web3.js.map',
)
[ info ] [ LOG ] INIT File

---------------------------------------------------------------
