[ 2019-04-13T17:51:04+08:00 ] 127.0.0.1 127.0.0.1 GET /phone/login/register.html
[ log ] www.ming11.cc/phone/login/register.html [运行时间：0.258015s][吞吐率：3.88req/s] [内存消耗：2,252.02kb] [文件加载：47]
[ info ] [ LANG ] C:\Users\Administrator\Desktop\demo\im.blockhp.com\thinkphp\lang\zh-cn.php
[ info ] [ ROUTE ] array (
  'type' => 'module',
  'module' => 
  array (
    0 => 'phone',
    1 => 'login',
    2 => 'register',
  ),
)
[ info ] [ HEADER ] array (
  'host' => 'www.ming11.cc',
  'connection' => 'keep-alive',
  'upgrade-insecure-requests' => '1',
  'user-agent' => 'Mozilla/5.0 (Windows NT 6.1; Win64; x64) AppleWebKit/537.36 (KHTML, like Gecko) Chrome/74.0.3702.0 Safari/537.36',
  'accept' => 'text/html,application/xhtml+xml,application/xml;q=0.9,image/webp,image/apng,*/*;q=0.8,application/signed-exchange;v=b3',
  'accept-encoding' => 'gzip, deflate',
  'accept-language' => 'zh-CN,zh;q=0.9,en;q=0.8',
)
[ info ] [ PARAM ] array (
)
[ info ] [ RUN ] app\phone\controller\Login->register[ C:\Users\Administrator\Desktop\demo\im.blockhp.com\application\phone\controller\Login.php ]
[ info ] [ VIEW ] C:\Users\Administrator\Desktop\demo\im.blockhp.com/application/phone\view\login\register.html [ array (
  0 => 'action',
) ]
[ info ] [ LOG ] INIT File

---------------------------------------------------------------
[ 2019-04-13T17:51:08+08:00 ] 127.0.0.1 127.0.0.1 GET /public/static/common/css/bootstrap.min.css.map
[ log ] www.ming11.cc/public/static/common/css/bootstrap.min.css.map [运行时间：0.056003s][吞吐率：17.86req/s] [内存消耗：1,828.57kb] [文件加载：40]
[ info ] [ LANG ] C:\Users\Administrator\Desktop\demo\im.blockhp.com\thinkphp\lang\zh-cn.php
[ info ] [ ROUTE ] array (
  'type' => 'module',
  'module' => 
  array (
    0 => 'public',
    1 => 'static',
    2 => 'common',
  ),
)
[ info ] [ HEADER ] array (
  'host' => 'www.ming11.cc',
  'connection' => 'keep-alive',
  'user-agent' => 'Mozilla/5.0 (iPhone; CPU iPhone OS 11_0 like Mac OS X) AppleWebKit/604.1.38 (KHTML, like Gecko) Version/11.0 Mobile/15A372 Safari/604.1',
  'accept-encoding' => 'gzip, deflate',
  'accept-language' => 'zh-CN,zh;q=0.9,en;q=0.8',
)
[ info ] [ PARAM ] array (
  'css' => 'bootstrap.min.css.map',
)
[ info ] [ LOG ] INIT File

---------------------------------------------------------------
[ 2019-04-13T17:51:08+08:00 ] 127.0.0.1 127.0.0.1 GET /phone/login/register.html
[ log ] www.ming11.cc/phone/login/register.html [运行时间：0.044003s][吞吐率：22.73req/s] [内存消耗：2,091.72kb] [文件加载：45]
[ info ] [ LANG ] C:\Users\Administrator\Desktop\demo\im.blockhp.com\thinkphp\lang\zh-cn.php
[ info ] [ ROUTE ] array (
  'type' => 'module',
  'module' => 
  array (
    0 => 'phone',
    1 => 'login',
    2 => 'register',
  ),
)
[ info ] [ HEADER ] array (
  'host' => 'www.ming11.cc',
  'connection' => 'keep-alive',
  'cache-control' => 'max-age=0',
  'upgrade-insecure-requests' => '1',
  'user-agent' => 'Mozilla/5.0 (iPhone; CPU iPhone OS 11_0 like Mac OS X) AppleWebKit/604.1.38 (KHTML, like Gecko) Version/11.0 Mobile/15A372 Safari/604.1',
  'accept' => 'text/html,application/xhtml+xml,application/xml;q=0.9,image/webp,image/apng,*/*;q=0.8,application/signed-exchange;v=b3',
  'accept-encoding' => 'gzip, deflate',
  'accept-language' => 'zh-CN,zh;q=0.9,en;q=0.8',
)
[ info ] [ PARAM ] array (
)
[ info ] [ RUN ] app\phone\controller\Login->register[ C:\Users\Administrator\Desktop\demo\im.blockhp.com\application\phone\controller\Login.php ]
[ info ] [ VIEW ] C:\Users\Administrator\Desktop\demo\im.blockhp.com/application/phone\view\login\register.html [ array (
  0 => 'action',
) ]
[ info ] [ LOG ] INIT File

---------------------------------------------------------------
[ 2019-04-13T17:51:09+08:00 ] 127.0.0.1 127.0.0.1 GET /public/static/common/css/bootstrap.min.css.map
[ log ] www.ming11.cc/public/static/common/css/bootstrap.min.css.map [运行时间：0.030001s][吞吐率：33.33req/s] [内存消耗：1,828.59kb] [文件加载：40]
[ info ] [ LANG ] C:\Users\Administrator\Desktop\demo\im.blockhp.com\thinkphp\lang\zh-cn.php
[ info ] [ ROUTE ] array (
  'type' => 'module',
  'module' => 
  array (
    0 => 'public',
    1 => 'static',
    2 => 'common',
  ),
)
[ info ] [ HEADER ] array (
  'host' => 'www.ming11.cc',
  'connection' => 'keep-alive',
  'user-agent' => 'Mozilla/5.0 (iPhone; CPU iPhone OS 11_0 like Mac OS X) AppleWebKit/604.1.38 (KHTML, like Gecko) Version/11.0 Mobile/15A372 Safari/604.1',
  'accept-encoding' => 'gzip, deflate',
  'accept-language' => 'zh-CN,zh;q=0.9,en;q=0.8',
)
[ info ] [ PARAM ] array (
  'css' => 'bootstrap.min.css.map',
)
[ info ] [ LOG ] INIT File

---------------------------------------------------------------
[ 2019-04-13T17:51:11+08:00 ] 127.0.0.1 127.0.0.1 GET /phone/login/index.html
[ log ] www.ming11.cc/phone/login/index.html [运行时间：0.050003s][吞吐率：20.00req/s] [内存消耗：2,250.37kb] [文件加载：47]
[ info ] [ LANG ] C:\Users\Administrator\Desktop\demo\im.blockhp.com\thinkphp\lang\zh-cn.php
[ info ] [ ROUTE ] array (
  'type' => 'module',
  'module' => 
  array (
    0 => 'phone',
    1 => 'login',
    2 => 'index',
  ),
)
[ info ] [ HEADER ] array (
  'host' => 'www.ming11.cc',
  'connection' => 'keep-alive',
  'upgrade-insecure-requests' => '1',
  'user-agent' => 'Mozilla/5.0 (iPhone; CPU iPhone OS 11_0 like Mac OS X) AppleWebKit/604.1.38 (KHTML, like Gecko) Version/11.0 Mobile/15A372 Safari/604.1',
  'accept' => 'text/html,application/xhtml+xml,application/xml;q=0.9,image/webp,image/apng,*/*;q=0.8,application/signed-exchange;v=b3',
  'referer' => 'http://www.ming11.cc/phone/login/register.html',
  'accept-encoding' => 'gzip, deflate',
  'accept-language' => 'zh-CN,zh;q=0.9,en;q=0.8',
)
[ info ] [ PARAM ] array (
)
[ info ] [ RUN ] app\phone\controller\Login->index[ C:\Users\Administrator\Desktop\demo\im.blockhp.com\application\phone\controller\Login.php ]
[ info ] [ VIEW ] C:\Users\Administrator\Desktop\demo\im.blockhp.com/application/phone\view\login\index.html [ array (
  0 => 'action',
) ]
[ info ] [ LOG ] INIT File

---------------------------------------------------------------
[ 2019-04-13T17:51:11+08:00 ] 127.0.0.1 127.0.0.1 GET /public/static/common/css/bootstrap.min.css.map
[ log ] www.ming11.cc/public/static/common/css/bootstrap.min.css.map [运行时间：0.033002s][吞吐率：30.30req/s] [内存消耗：1,828.57kb] [文件加载：40]
[ info ] [ LANG ] C:\Users\Administrator\Desktop\demo\im.blockhp.com\thinkphp\lang\zh-cn.php
[ info ] [ ROUTE ] array (
  'type' => 'module',
  'module' => 
  array (
    0 => 'public',
    1 => 'static',
    2 => 'common',
  ),
)
[ info ] [ HEADER ] array (
  'host' => 'www.ming11.cc',
  'connection' => 'keep-alive',
  'user-agent' => 'Mozilla/5.0 (iPhone; CPU iPhone OS 11_0 like Mac OS X) AppleWebKit/604.1.38 (KHTML, like Gecko) Version/11.0 Mobile/15A372 Safari/604.1',
  'accept-encoding' => 'gzip, deflate',
  'accept-language' => 'zh-CN,zh;q=0.9,en;q=0.8',
)
[ info ] [ PARAM ] array (
  'css' => 'bootstrap.min.css.map',
)
[ info ] [ LOG ] INIT File

---------------------------------------------------------------
[ 2019-04-13T17:51:13+08:00 ] 127.0.0.1 127.0.0.1 GET /phone/login/register.html
[ log ] www.ming11.cc/phone/login/register.html [运行时间：0.040002s][吞吐率：25.00req/s] [内存消耗：2,091.77kb] [文件加载：45]
[ info ] [ LANG ] C:\Users\Administrator\Desktop\demo\im.blockhp.com\thinkphp\lang\zh-cn.php
[ info ] [ ROUTE ] array (
  'type' => 'module',
  'module' => 
  array (
    0 => 'phone',
    1 => 'login',
    2 => 'register',
  ),
)
[ info ] [ HEADER ] array (
  'host' => 'www.ming11.cc',
  'connection' => 'keep-alive',
  'upgrade-insecure-requests' => '1',
  'user-agent' => 'Mozilla/5.0 (iPhone; CPU iPhone OS 11_0 like Mac OS X) AppleWebKit/604.1.38 (KHTML, like Gecko) Version/11.0 Mobile/15A372 Safari/604.1',
  'accept' => 'text/html,application/xhtml+xml,application/xml;q=0.9,image/webp,image/apng,*/*;q=0.8,application/signed-exchange;v=b3',
  'referer' => 'http://www.ming11.cc/phone/login/index.html',
  'accept-encoding' => 'gzip, deflate',
  'accept-language' => 'zh-CN,zh;q=0.9,en;q=0.8',
)
[ info ] [ PARAM ] array (
)
[ info ] [ RUN ] app\phone\controller\Login->register[ C:\Users\Administrator\Desktop\demo\im.blockhp.com\application\phone\controller\Login.php ]
[ info ] [ VIEW ] C:\Users\Administrator\Desktop\demo\im.blockhp.com/application/phone\view\login\register.html [ array (
  0 => 'action',
) ]
[ info ] [ LOG ] INIT File

---------------------------------------------------------------
[ 2019-04-13T17:51:13+08:00 ] 127.0.0.1 127.0.0.1 GET /public/static/common/css/bootstrap.min.css.map
[ log ] www.ming11.cc/public/static/common/css/bootstrap.min.css.map [运行时间：0.032002s][吞吐率：31.25req/s] [内存消耗：1,828.59kb] [文件加载：40]
[ info ] [ LANG ] C:\Users\Administrator\Desktop\demo\im.blockhp.com\thinkphp\lang\zh-cn.php
[ info ] [ ROUTE ] array (
  'type' => 'module',
  'module' => 
  array (
    0 => 'public',
    1 => 'static',
    2 => 'common',
  ),
)
[ info ] [ HEADER ] array (
  'host' => 'www.ming11.cc',
  'connection' => 'keep-alive',
  'user-agent' => 'Mozilla/5.0 (iPhone; CPU iPhone OS 11_0 like Mac OS X) AppleWebKit/604.1.38 (KHTML, like Gecko) Version/11.0 Mobile/15A372 Safari/604.1',
  'accept-encoding' => 'gzip, deflate',
  'accept-language' => 'zh-CN,zh;q=0.9,en;q=0.8',
)
[ info ] [ PARAM ] array (
  'css' => 'bootstrap.min.css.map',
)
[ info ] [ LOG ] INIT File

---------------------------------------------------------------
[ 2019-04-13T17:51:15+08:00 ] 127.0.0.1 127.0.0.1 GET /phone/login/index.html
[ log ] www.ming11.cc/phone/login/index.html [运行时间：0.037002s][吞吐率：27.03req/s] [内存消耗：2,091.78kb] [文件加载：45]
[ info ] [ LANG ] C:\Users\Administrator\Desktop\demo\im.blockhp.com\thinkphp\lang\zh-cn.php
[ info ] [ ROUTE ] array (
  'type' => 'module',
  'module' => 
  array (
    0 => 'phone',
    1 => 'login',
    2 => 'index',
  ),
)
[ info ] [ HEADER ] array (
  'host' => 'www.ming11.cc',
  'connection' => 'keep-alive',
  'upgrade-insecure-requests' => '1',
  'user-agent' => 'Mozilla/5.0 (iPhone; CPU iPhone OS 11_0 like Mac OS X) AppleWebKit/604.1.38 (KHTML, like Gecko) Version/11.0 Mobile/15A372 Safari/604.1',
  'accept' => 'text/html,application/xhtml+xml,application/xml;q=0.9,image/webp,image/apng,*/*;q=0.8,application/signed-exchange;v=b3',
  'referer' => 'http://www.ming11.cc/phone/login/register.html',
  'accept-encoding' => 'gzip, deflate',
  'accept-language' => 'zh-CN,zh;q=0.9,en;q=0.8',
)
[ info ] [ PARAM ] array (
)
[ info ] [ RUN ] app\phone\controller\Login->index[ C:\Users\Administrator\Desktop\demo\im.blockhp.com\application\phone\controller\Login.php ]
[ info ] [ VIEW ] C:\Users\Administrator\Desktop\demo\im.blockhp.com/application/phone\view\login\index.html [ array (
  0 => 'action',
) ]
[ info ] [ LOG ] INIT File

---------------------------------------------------------------
[ 2019-04-13T17:51:16+08:00 ] 127.0.0.1 127.0.0.1 GET /public/static/common/css/bootstrap.min.css.map
[ log ] www.ming11.cc/public/static/common/css/bootstrap.min.css.map [运行时间：0.031002s][吞吐率：32.26req/s] [内存消耗：1,828.59kb] [文件加载：40]
[ info ] [ LANG ] C:\Users\Administrator\Desktop\demo\im.blockhp.com\thinkphp\lang\zh-cn.php
[ info ] [ ROUTE ] array (
  'type' => 'module',
  'module' => 
  array (
    0 => 'public',
    1 => 'static',
    2 => 'common',
  ),
)
[ info ] [ HEADER ] array (
  'host' => 'www.ming11.cc',
  'connection' => 'keep-alive',
  'user-agent' => 'Mozilla/5.0 (iPhone; CPU iPhone OS 11_0 like Mac OS X) AppleWebKit/604.1.38 (KHTML, like Gecko) Version/11.0 Mobile/15A372 Safari/604.1',
  'accept-encoding' => 'gzip, deflate',
  'accept-language' => 'zh-CN,zh;q=0.9,en;q=0.8',
)
[ info ] [ PARAM ] array (
  'css' => 'bootstrap.min.css.map',
)
[ info ] [ LOG ] INIT File

---------------------------------------------------------------
[ 2019-04-13T17:51:47+08:00 ] 127.0.0.1 127.0.0.1 GET /admin/login/index.html
[ log ] www.ming11.cc/admin/login/index.html [运行时间：0.042003s][吞吐率：23.81req/s] [内存消耗：1,878.97kb] [文件加载：43]
[ info ] [ LANG ] C:\Users\Administrator\Desktop\demo\im.blockhp.com\thinkphp\lang\zh-cn.php
[ info ] [ ROUTE ] array (
  'type' => 'module',
  'module' => 
  array (
    0 => 'admin',
    1 => 'login',
    2 => 'index',
  ),
)
[ info ] [ HEADER ] array (
  'host' => 'www.ming11.cc',
  'connection' => 'keep-alive',
  'upgrade-insecure-requests' => '1',
  'user-agent' => 'Mozilla/5.0 (iPhone; CPU iPhone OS 11_0 like Mac OS X) AppleWebKit/604.1.38 (KHTML, like Gecko) Version/11.0 Mobile/15A372 Safari/604.1',
  'accept' => 'text/html,application/xhtml+xml,application/xml;q=0.9,image/webp,image/apng,*/*;q=0.8,application/signed-exchange;v=b3',
  'accept-encoding' => 'gzip, deflate',
  'accept-language' => 'zh-CN,zh;q=0.9,en;q=0.8',
)
[ info ] [ PARAM ] array (
)
[ info ] [ LOG ] INIT File

---------------------------------------------------------------
[ 2019-04-13T17:51:52+08:00 ] 127.0.0.1 127.0.0.1 GET /admin/login/
[ log ] www.ming11.cc/admin/login/ [运行时间：0.041002s][吞吐率：24.39req/s] [内存消耗：1,879.04kb] [文件加载：43]
[ info ] [ LANG ] C:\Users\Administrator\Desktop\demo\im.blockhp.com\thinkphp\lang\zh-cn.php
[ info ] [ ROUTE ] array (
  'type' => 'module',
  'module' => 
  array (
    0 => 'admin',
    1 => 'login',
    2 => NULL,
  ),
)
[ info ] [ HEADER ] array (
  'host' => 'www.ming11.cc',
  'connection' => 'keep-alive',
  'upgrade-insecure-requests' => '1',
  'user-agent' => 'Mozilla/5.0 (iPhone; CPU iPhone OS 11_0 like Mac OS X) AppleWebKit/604.1.38 (KHTML, like Gecko) Version/11.0 Mobile/15A372 Safari/604.1',
  'accept' => 'text/html,application/xhtml+xml,application/xml;q=0.9,image/webp,image/apng,*/*;q=0.8,application/signed-exchange;v=b3',
  'accept-encoding' => 'gzip, deflate',
  'accept-language' => 'zh-CN,zh;q=0.9,en;q=0.8',
)
[ info ] [ PARAM ] array (
)
[ info ] [ LOG ] INIT File

---------------------------------------------------------------
[ 2019-04-13T17:52:00+08:00 ] 127.0.0.1 127.0.0.1 GET /public/static/common/css/bootstrap.min.css.map
[ log ] www.ming11.cc/public/static/common/css/bootstrap.min.css.map [运行时间：0.035002s][吞吐率：28.57req/s] [内存消耗：1,828.59kb] [文件加载：40]
[ info ] [ LANG ] C:\Users\Administrator\Desktop\demo\im.blockhp.com\thinkphp\lang\zh-cn.php
[ info ] [ ROUTE ] array (
  'type' => 'module',
  'module' => 
  array (
    0 => 'public',
    1 => 'static',
    2 => 'common',
  ),
)
[ info ] [ HEADER ] array (
  'host' => 'www.ming11.cc',
  'connection' => 'keep-alive',
  'user-agent' => 'Mozilla/5.0 (iPhone; CPU iPhone OS 11_0 like Mac OS X) AppleWebKit/604.1.38 (KHTML, like Gecko) Version/11.0 Mobile/15A372 Safari/604.1',
  'accept-encoding' => 'gzip, deflate',
  'accept-language' => 'zh-CN,zh;q=0.9,en;q=0.8',
)
[ info ] [ PARAM ] array (
  'css' => 'bootstrap.min.css.map',
)
[ info ] [ LOG ] INIT File

---------------------------------------------------------------
[ 2019-04-13T17:52:01+08:00 ] 127.0.0.1 127.0.0.1 GET /phone/login/index.html
[ log ] www.ming11.cc/phone/login/index.html [运行时间：0.046003s][吞吐率：21.74req/s] [内存消耗：2,091.87kb] [文件加载：45]
[ info ] [ LANG ] C:\Users\Administrator\Desktop\demo\im.blockhp.com\thinkphp\lang\zh-cn.php
[ info ] [ ROUTE ] array (
  'type' => 'module',
  'module' => 
  array (
    0 => 'phone',
    1 => 'login',
    2 => 'index',
  ),
)
[ info ] [ HEADER ] array (
  'host' => 'www.ming11.cc',
  'connection' => 'keep-alive',
  'cache-control' => 'max-age=0',
  'upgrade-insecure-requests' => '1',
  'user-agent' => 'Mozilla/5.0 (iPhone; CPU iPhone OS 11_0 like Mac OS X) AppleWebKit/604.1.38 (KHTML, like Gecko) Version/11.0 Mobile/15A372 Safari/604.1',
  'accept' => 'text/html,application/xhtml+xml,application/xml;q=0.9,image/webp,image/apng,*/*;q=0.8,application/signed-exchange;v=b3',
  'referer' => 'http://www.ming11.cc/phone/login/register.html',
  'accept-encoding' => 'gzip, deflate',
  'accept-language' => 'zh-CN,zh;q=0.9,en;q=0.8',
)
[ info ] [ PARAM ] array (
)
[ info ] [ RUN ] app\phone\controller\Login->index[ C:\Users\Administrator\Desktop\demo\im.blockhp.com\application\phone\controller\Login.php ]
[ info ] [ VIEW ] C:\Users\Administrator\Desktop\demo\im.blockhp.com/application/phone\view\login\index.html [ array (
  0 => 'action',
) ]
[ info ] [ LOG ] INIT File

---------------------------------------------------------------
[ 2019-04-13T17:52:02+08:00 ] 127.0.0.1 127.0.0.1 GET /public/static/common/css/bootstrap.min.css.map
[ log ] www.ming11.cc/public/static/common/css/bootstrap.min.css.map [运行时间：0.037002s][吞吐率：27.03req/s] [内存消耗：1,828.59kb] [文件加载：40]
[ info ] [ LANG ] C:\Users\Administrator\Desktop\demo\im.blockhp.com\thinkphp\lang\zh-cn.php
[ info ] [ ROUTE ] array (
  'type' => 'module',
  'module' => 
  array (
    0 => 'public',
    1 => 'static',
    2 => 'common',
  ),
)
[ info ] [ HEADER ] array (
  'host' => 'www.ming11.cc',
  'connection' => 'keep-alive',
  'user-agent' => 'Mozilla/5.0 (iPhone; CPU iPhone OS 11_0 like Mac OS X) AppleWebKit/604.1.38 (KHTML, like Gecko) Version/11.0 Mobile/15A372 Safari/604.1',
  'accept-encoding' => 'gzip, deflate',
  'accept-language' => 'zh-CN,zh;q=0.9,en;q=0.8',
)
[ info ] [ PARAM ] array (
  'css' => 'bootstrap.min.css.map',
)
[ info ] [ LOG ] INIT File

---------------------------------------------------------------
