[ 2019-04-15T08:33:16+08:00 ] 127.0.0.1 127.0.0.1 GET /phone/login/index.html
[ log ] www.ming11.cc/phone/login/index.html [运行时间：0.081005s][吞吐率：12.34req/s] [内存消耗：2,091.40kb] [文件加载：45]
[ info ] [ LANG ] C:\Users\Administrator\Desktop\demo\im.blockhp.com\thinkphp\lang\zh-cn.php
[ info ] [ ROUTE ] array (
  'type' => 'module',
  'module' => 
  array (
    0 => 'phone',
    1 => 'login',
    2 => 'index',
  ),
)
[ info ] [ HEADER ] array (
  'host' => 'www.ming11.cc',
  'connection' => 'keep-alive',
  'upgrade-insecure-requests' => '1',
  'user-agent' => 'Mozilla/5.0 (Windows NT 6.1; Win64; x64) AppleWebKit/537.36 (KHTML, like Gecko) Chrome/74.0.3702.0 Safari/537.36',
  'accept' => 'text/html,application/xhtml+xml,application/xml;q=0.9,image/webp,image/apng,*/*;q=0.8,application/signed-exchange;v=b3',
  'accept-encoding' => 'gzip, deflate',
  'accept-language' => 'zh-CN,zh;q=0.9,en;q=0.8',
)
[ info ] [ PARAM ] array (
)
[ info ] [ RUN ] app\phone\controller\Login->index[ C:\Users\Administrator\Desktop\demo\im.blockhp.com\application\phone\controller\Login.php ]
[ info ] [ VIEW ] C:\Users\Administrator\Desktop\demo\im.blockhp.com/application/phone\view\login\index.html [ array (
  0 => 'action',
) ]
[ info ] [ LOG ] INIT File

---------------------------------------------------------------
[ 2019-04-15T08:33:24+08:00 ] 127.0.0.1 127.0.0.1 GET /phone/login/index.html
[ log ] www.ming11.cc/phone/login/index.html [运行时间：0.060003s][吞吐率：16.67req/s] [内存消耗：2,091.62kb] [文件加载：45]
[ info ] [ LANG ] C:\Users\Administrator\Desktop\demo\im.blockhp.com\thinkphp\lang\zh-cn.php
[ info ] [ ROUTE ] array (
  'type' => 'module',
  'module' => 
  array (
    0 => 'phone',
    1 => 'login',
    2 => 'index',
  ),
)
[ info ] [ HEADER ] array (
  'host' => 'www.ming11.cc',
  'connection' => 'keep-alive',
  'cache-control' => 'max-age=0',
  'upgrade-insecure-requests' => '1',
  'user-agent' => 'Mozilla/5.0 (Windows NT 6.1; Win64; x64) AppleWebKit/537.36 (KHTML, like Gecko) Chrome/74.0.3702.0 Safari/537.36',
  'accept' => 'text/html,application/xhtml+xml,application/xml;q=0.9,image/webp,image/apng,*/*;q=0.8,application/signed-exchange;v=b3',
  'accept-encoding' => 'gzip, deflate',
  'accept-language' => 'zh-CN,zh;q=0.9,en;q=0.8',
)
[ info ] [ PARAM ] array (
)
[ info ] [ RUN ] app\phone\controller\Login->index[ C:\Users\Administrator\Desktop\demo\im.blockhp.com\application\phone\controller\Login.php ]
[ info ] [ VIEW ] C:\Users\Administrator\Desktop\demo\im.blockhp.com/application/phone\view\login\index.html [ array (
  0 => 'action',
) ]
[ info ] [ LOG ] INIT File

---------------------------------------------------------------
[ 2019-04-15T08:33:26+08:00 ] 127.0.0.1 127.0.0.1 GET /phone/login/register.html
[ log ] www.ming11.cc/phone/login/register.html [运行时间：0.042003s][吞吐率：23.81req/s] [内存消耗：2,091.78kb] [文件加载：45]
[ info ] [ LANG ] C:\Users\Administrator\Desktop\demo\im.blockhp.com\thinkphp\lang\zh-cn.php
[ info ] [ ROUTE ] array (
  'type' => 'module',
  'module' => 
  array (
    0 => 'phone',
    1 => 'login',
    2 => 'register',
  ),
)
[ info ] [ HEADER ] array (
  'host' => 'www.ming11.cc',
  'connection' => 'keep-alive',
  'upgrade-insecure-requests' => '1',
  'user-agent' => 'Mozilla/5.0 (Windows NT 6.1; Win64; x64) AppleWebKit/537.36 (KHTML, like Gecko) Chrome/74.0.3702.0 Safari/537.36',
  'accept' => 'text/html,application/xhtml+xml,application/xml;q=0.9,image/webp,image/apng,*/*;q=0.8,application/signed-exchange;v=b3',
  'referer' => 'http://www.ming11.cc/phone/login/index.html',
  'accept-encoding' => 'gzip, deflate',
  'accept-language' => 'zh-CN,zh;q=0.9,en;q=0.8',
)
[ info ] [ PARAM ] array (
)
[ info ] [ RUN ] app\phone\controller\Login->register[ C:\Users\Administrator\Desktop\demo\im.blockhp.com\application\phone\controller\Login.php ]
[ info ] [ VIEW ] C:\Users\Administrator\Desktop\demo\im.blockhp.com/application/phone\view\login\register.html [ array (
  0 => 'action',
) ]
[ info ] [ LOG ] INIT File

---------------------------------------------------------------
[ 2019-04-15T08:33:51+08:00 ] 127.0.0.1 127.0.0.1 POST /phone/login/doregister.html
[ log ] www.ming11.cc/phone/login/doregister.html [运行时间：1.080061s][吞吐率：0.93req/s] [内存消耗：2,712.30kb] [文件加载：51]
[ info ] [ LANG ] C:\Users\Administrator\Desktop\demo\im.blockhp.com\thinkphp\lang\zh-cn.php
[ info ] [ ROUTE ] array (
  'type' => 'module',
  'module' => 
  array (
    0 => 'phone',
    1 => 'login',
    2 => 'doregister',
  ),
)
[ info ] [ HEADER ] array (
  'host' => 'www.ming11.cc',
  'connection' => 'keep-alive',
  'content-length' => '80',
  'accept' => '*/*',
  'origin' => 'http://www.ming11.cc',
  'x-requested-with' => 'XMLHttpRequest',
  'user-agent' => 'Mozilla/5.0 (Windows NT 6.1; Win64; x64) AppleWebKit/537.36 (KHTML, like Gecko) Chrome/74.0.3702.0 Safari/537.36',
  'content-type' => 'application/x-www-form-urlencoded; charset=UTF-8',
  'referer' => 'http://www.ming11.cc/phone/login/register.html',
  'accept-encoding' => 'gzip, deflate',
  'accept-language' => 'zh-CN,zh;q=0.9,en;q=0.8',
)
[ info ] [ PARAM ] array (
  'truename' => '3426089154@qq.com',
  'pwd' => '123123',
  'repwd' => '123123',
  'user_name' => 'ming',
  'sex' => '1',
  'age' => '18',
)
[ info ] [ RUN ] app\phone\controller\Login->doRegister[ C:\Users\Administrator\Desktop\demo\im.blockhp.com\application\phone\controller\Login.php ]
[ info ] [ DB ] INIT mysql
[ info ] [ LOG ] INIT File
[ sql ] [ DB ] CONNECT:[ UseTime:1.002057s ] mysql:dbname=ichat_pro;host=localhost;port=3306;charset=utf8
[ sql ] [ SQL ] SHOW COLUMNS FROM `tp_chatuser` [ RunTime:0.014000s ]
[ sql ] [ SQL ] SELECT * FROM `tp_chatuser` WHERE  `user_name` = 'ming' LIMIT 1 [ RunTime:0.002001s ]

---------------------------------------------------------------
[ 2019-04-15T08:33:56+08:00 ] 127.0.0.1 127.0.0.1 GET /phone/login/index.html
[ log ] www.ming11.cc/phone/login/index.html [运行时间：0.051003s][吞吐率：19.61req/s] [内存消耗：2,091.70kb] [文件加载：45]
[ info ] [ LANG ] C:\Users\Administrator\Desktop\demo\im.blockhp.com\thinkphp\lang\zh-cn.php
[ info ] [ ROUTE ] array (
  'type' => 'module',
  'module' => 
  array (
    0 => 'phone',
    1 => 'login',
    2 => 'index',
  ),
)
[ info ] [ HEADER ] array (
  'host' => 'www.ming11.cc',
  'connection' => 'keep-alive',
  'upgrade-insecure-requests' => '1',
  'user-agent' => 'Mozilla/5.0 (Windows NT 6.1; Win64; x64) AppleWebKit/537.36 (KHTML, like Gecko) Chrome/74.0.3702.0 Safari/537.36',
  'accept' => 'text/html,application/xhtml+xml,application/xml;q=0.9,image/webp,image/apng,*/*;q=0.8,application/signed-exchange;v=b3',
  'referer' => 'http://www.ming11.cc/phone/login/register.html',
  'accept-encoding' => 'gzip, deflate',
  'accept-language' => 'zh-CN,zh;q=0.9,en;q=0.8',
)
[ info ] [ PARAM ] array (
)
[ info ] [ RUN ] app\phone\controller\Login->index[ C:\Users\Administrator\Desktop\demo\im.blockhp.com\application\phone\controller\Login.php ]
[ info ] [ VIEW ] C:\Users\Administrator\Desktop\demo\im.blockhp.com/application/phone\view\login\index.html [ array (
  0 => 'action',
) ]
[ info ] [ LOG ] INIT File

---------------------------------------------------------------
[ 2019-04-15T08:34:01+08:00 ] 127.0.0.1 127.0.0.1 POST /phone/login/dologin.html
[ log ] www.ming11.cc/phone/login/dologin.html [运行时间：1.086062s][吞吐率：0.92req/s] [内存消耗：2,701.00kb] [文件加载：51]
[ info ] [ LANG ] C:\Users\Administrator\Desktop\demo\im.blockhp.com\thinkphp\lang\zh-cn.php
[ info ] [ ROUTE ] array (
  'type' => 'module',
  'module' => 
  array (
    0 => 'phone',
    1 => 'login',
    2 => 'dologin',
  ),
)
[ info ] [ HEADER ] array (
  'host' => 'www.ming11.cc',
  'connection' => 'keep-alive',
  'content-length' => '40',
  'accept' => '*/*',
  'origin' => 'http://www.ming11.cc',
  'x-requested-with' => 'XMLHttpRequest',
  'user-agent' => 'Mozilla/5.0 (Windows NT 6.1; Win64; x64) AppleWebKit/537.36 (KHTML, like Gecko) Chrome/74.0.3702.0 Safari/537.36',
  'content-type' => 'application/x-www-form-urlencoded; charset=UTF-8',
  'referer' => 'http://www.ming11.cc/phone/login/index.html',
  'accept-encoding' => 'gzip, deflate',
  'accept-language' => 'zh-CN,zh;q=0.9,en;q=0.8',
)
[ info ] [ PARAM ] array (
  'user_name' => '3426089154@qq.com',
  'pwd' => '123123',
)
[ info ] [ RUN ] app\phone\controller\Login->doLogin[ C:\Users\Administrator\Desktop\demo\im.blockhp.com\application\phone\controller\Login.php ]
[ info ] [ DB ] INIT mysql
[ info ] [ LOG ] INIT File
[ sql ] [ DB ] CONNECT:[ UseTime:1.006057s ] mysql:dbname=ichat_pro;host=localhost;port=3306;charset=utf8
[ sql ] [ SQL ] SHOW COLUMNS FROM `tp_chatuser` [ RunTime:0.014001s ]
[ sql ] [ SQL ] SELECT `id`,`user_name`,`pwd`,`sign`,`avatar` FROM `tp_chatuser` WHERE  `truename` = '3426089154@qq.com' LIMIT 1 [ RunTime:0.001000s ]

---------------------------------------------------------------
[ 2019-04-15T08:34:05+08:00 ] 127.0.0.1 127.0.0.1 GET /phone/login/register.html
[ log ] www.ming11.cc/phone/login/register.html [运行时间：0.044002s][吞吐率：22.73req/s] [内存消耗：2,091.78kb] [文件加载：45]
[ info ] [ LANG ] C:\Users\Administrator\Desktop\demo\im.blockhp.com\thinkphp\lang\zh-cn.php
[ info ] [ ROUTE ] array (
  'type' => 'module',
  'module' => 
  array (
    0 => 'phone',
    1 => 'login',
    2 => 'register',
  ),
)
[ info ] [ HEADER ] array (
  'host' => 'www.ming11.cc',
  'connection' => 'keep-alive',
  'upgrade-insecure-requests' => '1',
  'user-agent' => 'Mozilla/5.0 (Windows NT 6.1; Win64; x64) AppleWebKit/537.36 (KHTML, like Gecko) Chrome/74.0.3702.0 Safari/537.36',
  'accept' => 'text/html,application/xhtml+xml,application/xml;q=0.9,image/webp,image/apng,*/*;q=0.8,application/signed-exchange;v=b3',
  'referer' => 'http://www.ming11.cc/phone/login/index.html',
  'accept-encoding' => 'gzip, deflate',
  'accept-language' => 'zh-CN,zh;q=0.9,en;q=0.8',
)
[ info ] [ PARAM ] array (
)
[ info ] [ RUN ] app\phone\controller\Login->register[ C:\Users\Administrator\Desktop\demo\im.blockhp.com\application\phone\controller\Login.php ]
[ info ] [ VIEW ] C:\Users\Administrator\Desktop\demo\im.blockhp.com/application/phone\view\login\register.html [ array (
  0 => 'action',
) ]
[ info ] [ LOG ] INIT File

---------------------------------------------------------------
[ 2019-04-15T08:34:08+08:00 ] 127.0.0.1 127.0.0.1 GET /phone/login/index.html
[ log ] www.ming11.cc/phone/login/index.html [运行时间：0.044003s][吞吐率：22.73req/s] [内存消耗：2,091.70kb] [文件加载：45]
[ info ] [ LANG ] C:\Users\Administrator\Desktop\demo\im.blockhp.com\thinkphp\lang\zh-cn.php
[ info ] [ ROUTE ] array (
  'type' => 'module',
  'module' => 
  array (
    0 => 'phone',
    1 => 'login',
    2 => 'index',
  ),
)
[ info ] [ HEADER ] array (
  'host' => 'www.ming11.cc',
  'connection' => 'keep-alive',
  'upgrade-insecure-requests' => '1',
  'user-agent' => 'Mozilla/5.0 (Windows NT 6.1; Win64; x64) AppleWebKit/537.36 (KHTML, like Gecko) Chrome/74.0.3702.0 Safari/537.36',
  'accept' => 'text/html,application/xhtml+xml,application/xml;q=0.9,image/webp,image/apng,*/*;q=0.8,application/signed-exchange;v=b3',
  'referer' => 'http://www.ming11.cc/phone/login/register.html',
  'accept-encoding' => 'gzip, deflate',
  'accept-language' => 'zh-CN,zh;q=0.9,en;q=0.8',
)
[ info ] [ PARAM ] array (
)
[ info ] [ RUN ] app\phone\controller\Login->index[ C:\Users\Administrator\Desktop\demo\im.blockhp.com\application\phone\controller\Login.php ]
[ info ] [ VIEW ] C:\Users\Administrator\Desktop\demo\im.blockhp.com/application/phone\view\login\index.html [ array (
  0 => 'action',
) ]
[ info ] [ LOG ] INIT File

---------------------------------------------------------------
[ 2019-04-15T08:34:15+08:00 ] 127.0.0.1 127.0.0.1 POST /phone/login/dologin.html
[ log ] www.ming11.cc/phone/login/dologin.html [运行时间：1.074061s][吞吐率：0.93req/s] [内存消耗：2,700.90kb] [文件加载：51]
[ info ] [ LANG ] C:\Users\Administrator\Desktop\demo\im.blockhp.com\thinkphp\lang\zh-cn.php
[ info ] [ ROUTE ] array (
  'type' => 'module',
  'module' => 
  array (
    0 => 'phone',
    1 => 'login',
    2 => 'dologin',
  ),
)
[ info ] [ HEADER ] array (
  'host' => 'www.ming11.cc',
  'connection' => 'keep-alive',
  'content-length' => '25',
  'accept' => '*/*',
  'origin' => 'http://www.ming11.cc',
  'x-requested-with' => 'XMLHttpRequest',
  'user-agent' => 'Mozilla/5.0 (Windows NT 6.1; Win64; x64) AppleWebKit/537.36 (KHTML, like Gecko) Chrome/74.0.3702.0 Safari/537.36',
  'content-type' => 'application/x-www-form-urlencoded; charset=UTF-8',
  'referer' => 'http://www.ming11.cc/phone/login/index.html',
  'accept-encoding' => 'gzip, deflate',
  'accept-language' => 'zh-CN,zh;q=0.9,en;q=0.8',
)
[ info ] [ PARAM ] array (
  'user_name' => 'ming',
  'pwd' => '123123',
)
[ info ] [ RUN ] app\phone\controller\Login->doLogin[ C:\Users\Administrator\Desktop\demo\im.blockhp.com\application\phone\controller\Login.php ]
[ info ] [ DB ] INIT mysql
[ info ] [ LOG ] INIT File
[ sql ] [ DB ] CONNECT:[ UseTime:1.003057s ] mysql:dbname=ichat_pro;host=localhost;port=3306;charset=utf8
[ sql ] [ SQL ] SHOW COLUMNS FROM `tp_chatuser` [ RunTime:0.014001s ]
[ sql ] [ SQL ] SELECT `id`,`user_name`,`pwd`,`sign`,`avatar` FROM `tp_chatuser` WHERE  `truename` = 'ming' LIMIT 1 [ RunTime:0.001000s ]

---------------------------------------------------------------
[ 2019-04-15T08:34:18+08:00 ] 127.0.0.1 127.0.0.1 GET /phone/login/register.html
[ log ] www.ming11.cc/phone/login/register.html [运行时间：0.040002s][吞吐率：25.00req/s] [内存消耗：2,091.78kb] [文件加载：45]
[ info ] [ LANG ] C:\Users\Administrator\Desktop\demo\im.blockhp.com\thinkphp\lang\zh-cn.php
[ info ] [ ROUTE ] array (
  'type' => 'module',
  'module' => 
  array (
    0 => 'phone',
    1 => 'login',
    2 => 'register',
  ),
)
[ info ] [ HEADER ] array (
  'host' => 'www.ming11.cc',
  'connection' => 'keep-alive',
  'upgrade-insecure-requests' => '1',
  'user-agent' => 'Mozilla/5.0 (Windows NT 6.1; Win64; x64) AppleWebKit/537.36 (KHTML, like Gecko) Chrome/74.0.3702.0 Safari/537.36',
  'accept' => 'text/html,application/xhtml+xml,application/xml;q=0.9,image/webp,image/apng,*/*;q=0.8,application/signed-exchange;v=b3',
  'referer' => 'http://www.ming11.cc/phone/login/index.html',
  'accept-encoding' => 'gzip, deflate',
  'accept-language' => 'zh-CN,zh;q=0.9,en;q=0.8',
)
[ info ] [ PARAM ] array (
)
[ info ] [ RUN ] app\phone\controller\Login->register[ C:\Users\Administrator\Desktop\demo\im.blockhp.com\application\phone\controller\Login.php ]
[ info ] [ VIEW ] C:\Users\Administrator\Desktop\demo\im.blockhp.com/application/phone\view\login\register.html [ array (
  0 => 'action',
) ]
[ info ] [ LOG ] INIT File

---------------------------------------------------------------
[ 2019-04-15T08:34:30+08:00 ] 127.0.0.1 127.0.0.1 POST /phone/login/doregister.html
[ log ] www.ming11.cc/phone/login/doregister.html [运行时间：1.088063s][吞吐率：0.92req/s] [内存消耗：2,712.30kb] [文件加载：51]
[ info ] [ LANG ] C:\Users\Administrator\Desktop\demo\im.blockhp.com\thinkphp\lang\zh-cn.php
[ info ] [ ROUTE ] array (
  'type' => 'module',
  'module' => 
  array (
    0 => 'phone',
    1 => 'login',
    2 => 'doregister',
  ),
)
[ info ] [ HEADER ] array (
  'host' => 'www.ming11.cc',
  'connection' => 'keep-alive',
  'content-length' => '80',
  'accept' => '*/*',
  'origin' => 'http://www.ming11.cc',
  'x-requested-with' => 'XMLHttpRequest',
  'user-agent' => 'Mozilla/5.0 (Windows NT 6.1; Win64; x64) AppleWebKit/537.36 (KHTML, like Gecko) Chrome/74.0.3702.0 Safari/537.36',
  'content-type' => 'application/x-www-form-urlencoded; charset=UTF-8',
  'referer' => 'http://www.ming11.cc/phone/login/register.html',
  'accept-encoding' => 'gzip, deflate',
  'accept-language' => 'zh-CN,zh;q=0.9,en;q=0.8',
)
[ info ] [ PARAM ] array (
  'truename' => '3426089154@qq.com',
  'pwd' => '123123',
  'repwd' => '123123',
  'user_name' => 'ming',
  'sex' => '1',
  'age' => '20',
)
[ info ] [ RUN ] app\phone\controller\Login->doRegister[ C:\Users\Administrator\Desktop\demo\im.blockhp.com\application\phone\controller\Login.php ]
[ info ] [ DB ] INIT mysql
[ info ] [ LOG ] INIT File
[ sql ] [ DB ] CONNECT:[ UseTime:1.008058s ] mysql:dbname=ichat_pro;host=localhost;port=3306;charset=utf8
[ sql ] [ SQL ] SHOW COLUMNS FROM `tp_chatuser` [ RunTime:0.014001s ]
[ sql ] [ SQL ] SELECT * FROM `tp_chatuser` WHERE  `user_name` = 'ming' LIMIT 1 [ RunTime:0.001000s ]

---------------------------------------------------------------
[ 2019-04-15T08:34:47+08:00 ] 127.0.0.1 127.0.0.1 GET /phone/login/index.html
[ log ] www.ming11.cc/phone/login/index.html [运行时间：0.051002s][吞吐率：19.61req/s] [内存消耗：2,091.70kb] [文件加载：45]
[ info ] [ LANG ] C:\Users\Administrator\Desktop\demo\im.blockhp.com\thinkphp\lang\zh-cn.php
[ info ] [ ROUTE ] array (
  'type' => 'module',
  'module' => 
  array (
    0 => 'phone',
    1 => 'login',
    2 => 'index',
  ),
)
[ info ] [ HEADER ] array (
  'host' => 'www.ming11.cc',
  'connection' => 'keep-alive',
  'upgrade-insecure-requests' => '1',
  'user-agent' => 'Mozilla/5.0 (Windows NT 6.1; Win64; x64) AppleWebKit/537.36 (KHTML, like Gecko) Chrome/74.0.3702.0 Safari/537.36',
  'accept' => 'text/html,application/xhtml+xml,application/xml;q=0.9,image/webp,image/apng,*/*;q=0.8,application/signed-exchange;v=b3',
  'referer' => 'http://www.ming11.cc/phone/login/register.html',
  'accept-encoding' => 'gzip, deflate',
  'accept-language' => 'zh-CN,zh;q=0.9,en;q=0.8',
)
[ info ] [ PARAM ] array (
)
[ info ] [ RUN ] app\phone\controller\Login->index[ C:\Users\Administrator\Desktop\demo\im.blockhp.com\application\phone\controller\Login.php ]
[ info ] [ VIEW ] C:\Users\Administrator\Desktop\demo\im.blockhp.com/application/phone\view\login\index.html [ array (
  0 => 'action',
) ]
[ info ] [ LOG ] INIT File

---------------------------------------------------------------
[ 2019-04-15T08:34:54+08:00 ] 127.0.0.1 127.0.0.1 POST /phone/login/dologin.html
[ log ] www.ming11.cc/phone/login/dologin.html [运行时间：1.077061s][吞吐率：0.93req/s] [内存消耗：2,700.90kb] [文件加载：51]
[ info ] [ LANG ] C:\Users\Administrator\Desktop\demo\im.blockhp.com\thinkphp\lang\zh-cn.php
[ info ] [ ROUTE ] array (
  'type' => 'module',
  'module' => 
  array (
    0 => 'phone',
    1 => 'login',
    2 => 'dologin',
  ),
)
[ info ] [ HEADER ] array (
  'host' => 'www.ming11.cc',
  'connection' => 'keep-alive',
  'content-length' => '26',
  'accept' => '*/*',
  'origin' => 'http://www.ming11.cc',
  'x-requested-with' => 'XMLHttpRequest',
  'user-agent' => 'Mozilla/5.0 (Windows NT 6.1; Win64; x64) AppleWebKit/537.36 (KHTML, like Gecko) Chrome/74.0.3702.0 Safari/537.36',
  'content-type' => 'application/x-www-form-urlencoded; charset=UTF-8',
  'referer' => 'http://www.ming11.cc/phone/login/index.html',
  'accept-encoding' => 'gzip, deflate',
  'accept-language' => 'zh-CN,zh;q=0.9,en;q=0.8',
)
[ info ] [ PARAM ] array (
  'user_name' => 'mingx',
  'pwd' => '123123',
)
[ info ] [ RUN ] app\phone\controller\Login->doLogin[ C:\Users\Administrator\Desktop\demo\im.blockhp.com\application\phone\controller\Login.php ]
[ info ] [ DB ] INIT mysql
[ info ] [ LOG ] INIT File
[ sql ] [ DB ] CONNECT:[ UseTime:1.003058s ] mysql:dbname=ichat_pro;host=localhost;port=3306;charset=utf8
[ sql ] [ SQL ] SHOW COLUMNS FROM `tp_chatuser` [ RunTime:0.013001s ]
[ sql ] [ SQL ] SELECT `id`,`user_name`,`pwd`,`sign`,`avatar` FROM `tp_chatuser` WHERE  `truename` = 'mingx' LIMIT 1 [ RunTime:0.001000s ]

---------------------------------------------------------------
[ 2019-04-15T08:34:56+08:00 ] 127.0.0.1 127.0.0.1 GET /phone/login/register.html
[ log ] www.ming11.cc/phone/login/register.html [运行时间：0.045003s][吞吐率：22.22req/s] [内存消耗：2,091.78kb] [文件加载：45]
[ info ] [ LANG ] C:\Users\Administrator\Desktop\demo\im.blockhp.com\thinkphp\lang\zh-cn.php
[ info ] [ ROUTE ] array (
  'type' => 'module',
  'module' => 
  array (
    0 => 'phone',
    1 => 'login',
    2 => 'register',
  ),
)
[ info ] [ HEADER ] array (
  'host' => 'www.ming11.cc',
  'connection' => 'keep-alive',
  'upgrade-insecure-requests' => '1',
  'user-agent' => 'Mozilla/5.0 (Windows NT 6.1; Win64; x64) AppleWebKit/537.36 (KHTML, like Gecko) Chrome/74.0.3702.0 Safari/537.36',
  'accept' => 'text/html,application/xhtml+xml,application/xml;q=0.9,image/webp,image/apng,*/*;q=0.8,application/signed-exchange;v=b3',
  'referer' => 'http://www.ming11.cc/phone/login/index.html',
  'accept-encoding' => 'gzip, deflate',
  'accept-language' => 'zh-CN,zh;q=0.9,en;q=0.8',
)
[ info ] [ PARAM ] array (
)
[ info ] [ RUN ] app\phone\controller\Login->register[ C:\Users\Administrator\Desktop\demo\im.blockhp.com\application\phone\controller\Login.php ]
[ info ] [ VIEW ] C:\Users\Administrator\Desktop\demo\im.blockhp.com/application/phone\view\login\register.html [ array (
  0 => 'action',
) ]
[ info ] [ LOG ] INIT File

---------------------------------------------------------------
[ 2019-04-15T08:34:59+08:00 ] 127.0.0.1 127.0.0.1 GET /phone/login/register.html
[ log ] www.ming11.cc/phone/login/register.html [运行时间：0.042003s][吞吐率：23.81req/s] [内存消耗：2,092.01kb] [文件加载：45]
[ info ] [ LANG ] C:\Users\Administrator\Desktop\demo\im.blockhp.com\thinkphp\lang\zh-cn.php
[ info ] [ ROUTE ] array (
  'type' => 'module',
  'module' => 
  array (
    0 => 'phone',
    1 => 'login',
    2 => 'register',
  ),
)
[ info ] [ HEADER ] array (
  'host' => 'www.ming11.cc',
  'connection' => 'keep-alive',
  'cache-control' => 'max-age=0',
  'upgrade-insecure-requests' => '1',
  'user-agent' => 'Mozilla/5.0 (Windows NT 6.1; Win64; x64) AppleWebKit/537.36 (KHTML, like Gecko) Chrome/74.0.3702.0 Safari/537.36',
  'accept' => 'text/html,application/xhtml+xml,application/xml;q=0.9,image/webp,image/apng,*/*;q=0.8,application/signed-exchange;v=b3',
  'referer' => 'http://www.ming11.cc/phone/login/index.html',
  'accept-encoding' => 'gzip, deflate',
  'accept-language' => 'zh-CN,zh;q=0.9,en;q=0.8',
)
[ info ] [ PARAM ] array (
)
[ info ] [ RUN ] app\phone\controller\Login->register[ C:\Users\Administrator\Desktop\demo\im.blockhp.com\application\phone\controller\Login.php ]
[ info ] [ VIEW ] C:\Users\Administrator\Desktop\demo\im.blockhp.com/application/phone\view\login\register.html [ array (
  0 => 'action',
) ]
[ info ] [ LOG ] INIT File

---------------------------------------------------------------
[ 2019-04-15T08:35:07+08:00 ] 127.0.0.1 127.0.0.1 GET /phone/login/index.html
[ log ] www.ming11.cc/phone/login/index.html [运行时间：0.040002s][吞吐率：25.00req/s] [内存消耗：2,091.70kb] [文件加载：45]
[ info ] [ LANG ] C:\Users\Administrator\Desktop\demo\im.blockhp.com\thinkphp\lang\zh-cn.php
[ info ] [ ROUTE ] array (
  'type' => 'module',
  'module' => 
  array (
    0 => 'phone',
    1 => 'login',
    2 => 'index',
  ),
)
[ info ] [ HEADER ] array (
  'host' => 'www.ming11.cc',
  'connection' => 'keep-alive',
  'upgrade-insecure-requests' => '1',
  'user-agent' => 'Mozilla/5.0 (Windows NT 6.1; Win64; x64) AppleWebKit/537.36 (KHTML, like Gecko) Chrome/74.0.3702.0 Safari/537.36',
  'accept' => 'text/html,application/xhtml+xml,application/xml;q=0.9,image/webp,image/apng,*/*;q=0.8,application/signed-exchange;v=b3',
  'referer' => 'http://www.ming11.cc/phone/login/register.html',
  'accept-encoding' => 'gzip, deflate',
  'accept-language' => 'zh-CN,zh;q=0.9,en;q=0.8',
)
[ info ] [ PARAM ] array (
)
[ info ] [ RUN ] app\phone\controller\Login->index[ C:\Users\Administrator\Desktop\demo\im.blockhp.com\application\phone\controller\Login.php ]
[ info ] [ VIEW ] C:\Users\Administrator\Desktop\demo\im.blockhp.com/application/phone\view\login\index.html [ array (
  0 => 'action',
) ]
[ info ] [ LOG ] INIT File

---------------------------------------------------------------
[ 2019-04-15T08:35:09+08:00 ] 127.0.0.1 127.0.0.1 GET /phone/login/forgetpwd.html
[ log ] www.ming11.cc/phone/login/forgetpwd.html [运行时间：0.048003s][吞吐率：20.83req/s] [内存消耗：2,250.73kb] [文件加载：47]
[ info ] [ LANG ] C:\Users\Administrator\Desktop\demo\im.blockhp.com\thinkphp\lang\zh-cn.php
[ info ] [ ROUTE ] array (
  'type' => 'module',
  'module' => 
  array (
    0 => 'phone',
    1 => 'login',
    2 => 'forgetpwd',
  ),
)
[ info ] [ HEADER ] array (
  'host' => 'www.ming11.cc',
  'connection' => 'keep-alive',
  'upgrade-insecure-requests' => '1',
  'user-agent' => 'Mozilla/5.0 (Windows NT 6.1; Win64; x64) AppleWebKit/537.36 (KHTML, like Gecko) Chrome/74.0.3702.0 Safari/537.36',
  'accept' => 'text/html,application/xhtml+xml,application/xml;q=0.9,image/webp,image/apng,*/*;q=0.8,application/signed-exchange;v=b3',
  'referer' => 'http://www.ming11.cc/phone/login/index.html',
  'accept-encoding' => 'gzip, deflate',
  'accept-language' => 'zh-CN,zh;q=0.9,en;q=0.8',
)
[ info ] [ PARAM ] array (
)
[ info ] [ RUN ] app\phone\controller\Login->forgetPwd[ C:\Users\Administrator\Desktop\demo\im.blockhp.com\application\phone\controller\Login.php ]
[ info ] [ VIEW ] C:\Users\Administrator\Desktop\demo\im.blockhp.com/application/phone\view\login\forgetpwd.html [ array (
  0 => 'action',
) ]
[ info ] [ LOG ] INIT File

---------------------------------------------------------------
[ 2019-04-15T08:35:15+08:00 ] 127.0.0.1 127.0.0.1 POST /phone/login/logincheckemail.html
[ log ] www.ming11.cc/phone/login/logincheckemail.html [运行时间：1.161066s][吞吐率：0.86req/s] [内存消耗：3,331.48kb] [文件加载：60]
[ info ] [ LANG ] C:\Users\Administrator\Desktop\demo\im.blockhp.com\thinkphp\lang\zh-cn.php
[ info ] [ ROUTE ] array (
  'type' => 'module',
  'module' => 
  array (
    0 => 'phone',
    1 => 'login',
    2 => 'logincheckemail',
  ),
)
[ info ] [ HEADER ] array (
  'host' => 'www.ming11.cc',
  'connection' => 'keep-alive',
  'content-length' => '25',
  'accept' => 'application/json, text/javascript, */*; q=0.01',
  'origin' => 'http://www.ming11.cc',
  'x-requested-with' => 'XMLHttpRequest',
  'user-agent' => 'Mozilla/5.0 (Windows NT 6.1; Win64; x64) AppleWebKit/537.36 (KHTML, like Gecko) Chrome/74.0.3702.0 Safari/537.36',
  'content-type' => 'application/x-www-form-urlencoded; charset=UTF-8',
  'referer' => 'http://www.ming11.cc/phone/login/forgetpwd.html',
  'accept-encoding' => 'gzip, deflate',
  'accept-language' => 'zh-CN,zh;q=0.9,en;q=0.8',
)
[ info ] [ PARAM ] array (
  'email' => '3426089154@qq.com',
)
[ info ] [ RUN ] app\phone\controller\Login->loginCheckEmail[ C:\Users\Administrator\Desktop\demo\im.blockhp.com\application\phone\controller\Login.php ]
[ info ] [ DB ] INIT mysql
[ info ] [ CACHE ] INIT File
[ info ] [ LOG ] INIT File
[ sql ] [ DB ] CONNECT:[ UseTime:1.003057s ] mysql:dbname=ichat_pro;host=localhost;port=3306;charset=utf8
[ sql ] [ SQL ] SHOW COLUMNS FROM `tp_chatuser` [ RunTime:0.014001s ]
[ sql ] [ SQL ] SELECT `truename` FROM `tp_chatuser` WHERE  `truename` = '3426089154@qq.com' LIMIT 1 [ RunTime:0.001000s ]
[ error ] [8]未定义变量: key[C:\Users\Administrator\Desktop\demo\im.blockhp.com\application\phone\controller\Login.php:72]

---------------------------------------------------------------
[ 2019-04-15T08:35:22+08:00 ] 127.0.0.1 127.0.0.1 POST /phone/login/logincheckemail.html
[ log ] www.ming11.cc/phone/login/logincheckemail.html [运行时间：1.170067s][吞吐率：0.85req/s] [内存消耗：3,331.48kb] [文件加载：60]
[ info ] [ LANG ] C:\Users\Administrator\Desktop\demo\im.blockhp.com\thinkphp\lang\zh-cn.php
[ info ] [ ROUTE ] array (
  'type' => 'module',
  'module' => 
  array (
    0 => 'phone',
    1 => 'login',
    2 => 'logincheckemail',
  ),
)
[ info ] [ HEADER ] array (
  'host' => 'www.ming11.cc',
  'connection' => 'keep-alive',
  'content-length' => '25',
  'accept' => 'application/json, text/javascript, */*; q=0.01',
  'origin' => 'http://www.ming11.cc',
  'x-requested-with' => 'XMLHttpRequest',
  'user-agent' => 'Mozilla/5.0 (Windows NT 6.1; Win64; x64) AppleWebKit/537.36 (KHTML, like Gecko) Chrome/74.0.3702.0 Safari/537.36',
  'content-type' => 'application/x-www-form-urlencoded; charset=UTF-8',
  'referer' => 'http://www.ming11.cc/phone/login/forgetpwd.html',
  'accept-encoding' => 'gzip, deflate',
  'accept-language' => 'zh-CN,zh;q=0.9,en;q=0.8',
)
[ info ] [ PARAM ] array (
  'email' => '3426089154@qq.com',
)
[ info ] [ RUN ] app\phone\controller\Login->loginCheckEmail[ C:\Users\Administrator\Desktop\demo\im.blockhp.com\application\phone\controller\Login.php ]
[ info ] [ DB ] INIT mysql
[ info ] [ CACHE ] INIT File
[ info ] [ LOG ] INIT File
[ sql ] [ DB ] CONNECT:[ UseTime:1.003058s ] mysql:dbname=ichat_pro;host=localhost;port=3306;charset=utf8
[ sql ] [ SQL ] SHOW COLUMNS FROM `tp_chatuser` [ RunTime:0.014001s ]
[ sql ] [ SQL ] SELECT `truename` FROM `tp_chatuser` WHERE  `truename` = '3426089154@qq.com' LIMIT 1 [ RunTime:0.001000s ]
[ error ] [8]未定义变量: key[C:\Users\Administrator\Desktop\demo\im.blockhp.com\application\phone\controller\Login.php:72]

---------------------------------------------------------------
[ 2019-04-15T08:35:25+08:00 ] 127.0.0.1 127.0.0.1 GET /phone/login/index.html
[ log ] www.ming11.cc/phone/login/index.html [运行时间：0.072004s][吞吐率：13.89req/s] [内存消耗：2,091.70kb] [文件加载：45]
[ info ] [ LANG ] C:\Users\Administrator\Desktop\demo\im.blockhp.com\thinkphp\lang\zh-cn.php
[ info ] [ ROUTE ] array (
  'type' => 'module',
  'module' => 
  array (
    0 => 'phone',
    1 => 'login',
    2 => 'index',
  ),
)
[ info ] [ HEADER ] array (
  'host' => 'www.ming11.cc',
  'connection' => 'keep-alive',
  'upgrade-insecure-requests' => '1',
  'user-agent' => 'Mozilla/5.0 (Windows NT 6.1; Win64; x64) AppleWebKit/537.36 (KHTML, like Gecko) Chrome/74.0.3702.0 Safari/537.36',
  'accept' => 'text/html,application/xhtml+xml,application/xml;q=0.9,image/webp,image/apng,*/*;q=0.8,application/signed-exchange;v=b3',
  'referer' => 'http://www.ming11.cc/phone/login/forgetpwd.html',
  'accept-encoding' => 'gzip, deflate',
  'accept-language' => 'zh-CN,zh;q=0.9,en;q=0.8',
)
[ info ] [ PARAM ] array (
)
[ info ] [ RUN ] app\phone\controller\Login->index[ C:\Users\Administrator\Desktop\demo\im.blockhp.com\application\phone\controller\Login.php ]
[ info ] [ VIEW ] C:\Users\Administrator\Desktop\demo\im.blockhp.com/application/phone\view\login\index.html [ array (
  0 => 'action',
) ]
[ info ] [ LOG ] INIT File

---------------------------------------------------------------
[ 2019-04-15T08:35:30+08:00 ] 127.0.0.1 127.0.0.1 POST /phone/login/dologin.html
[ log ] www.ming11.cc/phone/login/dologin.html [运行时间：1.093062s][吞吐率：0.91req/s] [内存消耗：2,700.90kb] [文件加载：51]
[ info ] [ LANG ] C:\Users\Administrator\Desktop\demo\im.blockhp.com\thinkphp\lang\zh-cn.php
[ info ] [ ROUTE ] array (
  'type' => 'module',
  'module' => 
  array (
    0 => 'phone',
    1 => 'login',
    2 => 'dologin',
  ),
)
[ info ] [ HEADER ] array (
  'host' => 'www.ming11.cc',
  'connection' => 'keep-alive',
  'content-length' => '25',
  'accept' => '*/*',
  'origin' => 'http://www.ming11.cc',
  'x-requested-with' => 'XMLHttpRequest',
  'user-agent' => 'Mozilla/5.0 (Windows NT 6.1; Win64; x64) AppleWebKit/537.36 (KHTML, like Gecko) Chrome/74.0.3702.0 Safari/537.36',
  'content-type' => 'application/x-www-form-urlencoded; charset=UTF-8',
  'referer' => 'http://www.ming11.cc/phone/login/index.html',
  'accept-encoding' => 'gzip, deflate',
  'accept-language' => 'zh-CN,zh;q=0.9,en;q=0.8',
)
[ info ] [ PARAM ] array (
  'user_name' => 'ming',
  'pwd' => '123123',
)
[ info ] [ RUN ] app\phone\controller\Login->doLogin[ C:\Users\Administrator\Desktop\demo\im.blockhp.com\application\phone\controller\Login.php ]
[ info ] [ DB ] INIT mysql
[ info ] [ LOG ] INIT File
[ sql ] [ DB ] CONNECT:[ UseTime:1.003058s ] mysql:dbname=ichat_pro;host=localhost;port=3306;charset=utf8
[ sql ] [ SQL ] SHOW COLUMNS FROM `tp_chatuser` [ RunTime:0.014001s ]
[ sql ] [ SQL ] SELECT `id`,`user_name`,`pwd`,`sign`,`avatar` FROM `tp_chatuser` WHERE  `truename` = 'ming' LIMIT 1 [ RunTime:0.001000s ]

---------------------------------------------------------------
